2025-08-06 00:01:05,871 [INFO] NvicIntPanel:101 - NVIC parent = com.st.microxplorer.plugins.ip.nvic.MultiNvicIntPanel[,0,0,0x0,invalid,layout=javax.swing.BoxLayout,alignmentX=0.0,alignmentY=0.0,border=,flags=9,maximumSize=,minimumSize=,preferredSize=]
2025-08-06 00:01:05,977 [INFO] ADCParametersView:116 -                Rank 1 : false
2025-08-06 00:01:05,977 [INFO] ADCParametersView:116 -                Rank 2 : false
2025-08-06 00:01:05,977 [INFO] ADCParametersView:116 -                Rank 3 : false
2025-08-06 00:01:05,982 [INFO] ADCParametersView:116 -                Rank 1 : false
2025-08-06 00:01:05,982 [INFO] ADCParametersView:116 -                Rank 2 : false
2025-08-06 00:01:05,982 [INFO] ADCParametersView:116 -                Rank 3 : false
2025-08-06 00:01:05,982 [INFO] ADCParametersView:116 -                Rank 1 : false
2025-08-06 00:01:05,983 [INFO] ADCParametersView:116 -                Rank 2 : false
2025-08-06 00:01:05,983 [INFO] ADCParametersView:116 -                Rank 3 : false
2025-08-06 00:01:05,983 [INFO] ADCParametersView:116 -                Rank 1 : false
2025-08-06 00:01:05,983 [INFO] ADCParametersView:116 -                Rank 2 : false
2025-08-06 00:01:05,983 [INFO] ADCParametersView:116 -                Rank 3 : false
2025-08-06 00:01:05,983 [INFO] ADCParametersView:116 -                Rank 1 : false
2025-08-06 00:01:05,983 [INFO] ADCParametersView:116 -                Rank 2 : false
2025-08-06 00:01:05,983 [INFO] ADCParametersView:116 -                Rank 3 : false
2025-08-06 00:01:05,983 [INFO] ADCParametersView:116 -                Rank 1 : false
2025-08-06 00:01:05,983 [INFO] ADCParametersView:116 -                Rank 2 : false
2025-08-06 00:01:05,983 [INFO] ADCParametersView:116 -                Rank 3 : false
2025-08-06 00:01:05,983 [INFO] ADCParametersView:116 -                Rank 1 : false
2025-08-06 00:01:05,983 [INFO] ADCParametersView:116 -                Rank 2 : false
2025-08-06 00:01:05,983 [INFO] ADCParametersView:116 -                Rank 3 : false
2025-08-06 00:01:05,984 [INFO] ADCParametersView:116 -                Rank 1 : false
2025-08-06 00:01:05,984 [INFO] ADCParametersView:116 -                Rank 2 : false
2025-08-06 00:01:05,984 [INFO] ADCParametersView:116 -                Rank 3 : false
2025-08-06 00:01:05,984 [INFO] ADCParametersView:116 -                Rank 1 : false
2025-08-06 00:01:05,984 [INFO] ADCParametersView:116 -                Rank 2 : false
2025-08-06 00:01:05,984 [INFO] ADCParametersView:116 -                Rank 3 : false
2025-08-06 00:01:05,984 [INFO] ADCParametersView:116 -                Rank 1 : false
2025-08-06 00:01:05,984 [INFO] ADCParametersView:116 -                Rank 2 : false
2025-08-06 00:01:05,984 [INFO] ADCParametersView:116 -                Rank 3 : false
2025-08-06 00:01:05,984 [INFO] ADCParametersView:116 -                Rank 1 : false
2025-08-06 00:01:05,984 [INFO] ADCParametersView:116 -                Rank 2 : false
2025-08-06 00:01:05,984 [INFO] ADCParametersView:116 -                Rank 3 : false
2025-08-06 00:01:05,984 [INFO] ADCParametersView:116 -                Rank 1 : false
2025-08-06 00:01:05,984 [INFO] ADCParametersView:116 -                Rank 2 : false
2025-08-06 00:01:05,984 [INFO] ADCParametersView:116 -                Rank 3 : false
2025-08-06 00:01:05,984 [INFO] ADCParametersView:116 -                Rank 1 : false
2025-08-06 00:01:05,984 [INFO] ADCParametersView:116 -                Rank 2 : false
2025-08-06 00:01:05,984 [INFO] ADCParametersView:116 -                Rank 3 : false
2025-08-06 00:01:05,985 [INFO] ADCParametersView:116 -                Rank 1 : false
2025-08-06 00:01:05,985 [INFO] ADCParametersView:116 -                Rank 2 : false
2025-08-06 00:01:05,985 [INFO] ADCParametersView:116 -                Rank 3 : false
2025-08-06 00:01:05,985 [INFO] ADCParametersView:116 -                Rank 2 : false
2025-08-06 00:01:05,985 [INFO] ADCParametersView:116 -                Rank 3 : false
2025-08-06 00:01:05,985 [INFO] ADCParametersView:116 -                Rank 3 : false
2025-08-06 00:01:06,016 [INFO] ADCParametersView:116 -                Rank 1 : false
2025-08-06 00:01:06,017 [INFO] ADCParametersView:116 -                Rank 1 : false
2025-08-06 00:01:06,017 [INFO] ADCParametersView:116 -                Rank 2 : false
2025-08-06 00:01:06,017 [INFO] ADCParametersView:116 -                Rank 1 : false
2025-08-06 00:01:06,017 [INFO] ADCParametersView:116 -                Rank 2 : false
2025-08-06 00:01:06,017 [INFO] ADCParametersView:116 -                Rank 3 : false
2025-08-06 00:01:07,046 [INFO] UtilMem:75 - End SaveConfig() Used Memory: 892567312 Bytes (1073741824)
2025-08-06 00:01:07,957 [INFO] UtilMem:75 - End SaveConfig() Used Memory: 916162320 Bytes (1073741824)
2025-08-06 00:01:08,553 [INFO] UtilMem:75 - End SaveConfig() Used Memory: 942898960 Bytes (1073741824)
2025-08-06 00:01:08,864 [INFO] BlockDiagram:2775 - set Specific Code input for plugin: NVIC
2025-08-06 00:01:08,864 [INFO] BlockDiagram:2775 - set Specific Code input for plugin: USART
2025-08-06 00:01:08,864 [INFO] BlockDiagram:2775 - set Specific Code input for plugin: TIM1_8
2025-08-06 00:01:08,864 [INFO] BlockDiagram:2775 - set Specific Code input for plugin: SYS
2025-08-06 00:01:08,865 [INFO] BlockDiagram:2775 - set Specific Code input for plugin: GPIO
2025-08-06 00:01:08,865 [INFO] BlockDiagram:2775 - set Specific Code input for plugin: ADC
2025-08-06 00:01:08,865 [INFO] BlockDiagram:2775 - set Specific Code input for plugin: RCC
2025-08-06 00:01:08,866 [INFO] CodeGenerator:892 - code generatio: config db path: D:\STM32CubeIDE_1.19.0\STM32CubeIDE\plugins\com.st.stm32cube.common.mx_6.15.0.202507011659\\db\
2025-08-06 00:01:08,968 [INFO] CodeEngine:265 - oldGeneratedFile, D:\STM_Workspace_v4\Single_Channel_Logger\MXTmpFiles\license.tmp_save
2025-08-06 00:01:09,042 [INFO] CodeEngine:289 - Generated code: D:\STM_Workspace_v4\Single_Channel_Logger\MXTmpFiles\license.tmp
2025-08-06 00:01:09,063 [INFO] CodeEngine:265 - oldGeneratedFile, D:\STM_Workspace_v4\Single_Channel_Logger\MXTmpFiles\gpio.tmp_save
2025-08-06 00:01:09,129 [INFO] CodeEngine:289 - Generated code: D:\STM_Workspace_v4\Single_Channel_Logger\MXTmpFiles\gpio.tmp
2025-08-06 00:01:09,230 [INFO] CodeEngine:265 - oldGeneratedFile, D:\STM_Workspace_v4\Single_Channel_Logger\Core\Src\stm32f4xx_it.c_save
2025-08-06 00:01:09,311 [INFO] CodeEngine:289 - Generated code: D:\STM_Workspace_v4\Single_Channel_Logger\Core\Src\stm32f4xx_it.c
2025-08-06 00:01:09,321 [INFO] CodeEngine:265 - oldGeneratedFile, D:\STM_Workspace_v4\Single_Channel_Logger\Core\Inc\stm32f4xx_it.h_save
2025-08-06 00:01:09,392 [INFO] CodeEngine:289 - Generated code: D:\STM_Workspace_v4\Single_Channel_Logger\Core\Inc\stm32f4xx_it.h
2025-08-06 00:01:09,413 [INFO] CodeEngine:265 - oldGeneratedFile, D:\STM_Workspace_v4\Single_Channel_Logger\Core\Src\stm32f4xx_hal_msp.c_save
2025-08-06 00:01:09,541 [INFO] CodeEngine:289 - Generated code: D:\STM_Workspace_v4\Single_Channel_Logger\Core\Src\stm32f4xx_hal_msp.c
2025-08-06 00:01:09,547 [INFO] CodeEngine:265 - oldGeneratedFile, D:\STM_Workspace_v4\Single_Channel_Logger\MXTmpFiles\system.tmp_save
2025-08-06 00:01:09,601 [INFO] CodeEngine:289 - Generated code: D:\STM_Workspace_v4\Single_Channel_Logger\MXTmpFiles\system.tmp
2025-08-06 00:01:09,614 [INFO] CodeEngine:321 - oldGeneratedFile, D:\STM_Workspace_v4\Single_Channel_Logger\Core\Inc\stm32f4xx_hal_conf.h_save
2025-08-06 00:01:09,752 [INFO] CodeEngine:345 - Generated code: D:\STM_Workspace_v4\Single_Channel_Logger\Core\Inc\stm32f4xx_hal_conf.h
2025-08-06 00:01:09,786 [WARN] IPConfigManager:3811 - IP not found : TIM
2025-08-06 00:01:09,787 [WARN] CodeGenerator:4259 - IP not found : null
2025-08-06 00:01:09,797 [INFO] CodeEngine:265 - oldGeneratedFile, D:\STM_Workspace_v4\Single_Channel_Logger\Core\Inc\main.h_save
2025-08-06 00:01:09,869 [INFO] CodeEngine:289 - Generated code: D:\STM_Workspace_v4\Single_Channel_Logger\Core\Inc\main.h
2025-08-06 00:01:09,875 [INFO] CodeEngine:265 - oldGeneratedFile, D:\STM_Workspace_v4\Single_Channel_Logger\Core\Src\main.c_save
2025-08-06 00:01:10,061 [INFO] CodeEngine:289 - Generated code: D:\STM_Workspace_v4\Single_Channel_Logger\Core\Src\main.c
2025-08-06 00:01:10,650 [INFO] ProjectBuilder:3606 - Time for Copy HAL[1] : 437mS.
2025-08-06 00:01:10,653 [INFO] ProjectBuilder:5216 - Project Generator version: 4.7.0-B52
2025-08-06 00:01:10,735 [INFO] ConfigFileManager:1595 - The Die is : DIE431
2025-08-06 00:01:12,019 [INFO] ProjectBuilder:5496 - Time for Generating toolchain IDE Files: 1365mS.
2025-08-06 00:01:12,020 [INFO] ProjectBuilder:3463 - Time for Copy CMSIS : 1mS.
2025-08-06 00:01:12,022 [INFO] ProjectBuilder:3463 - Time for Copy CMSIS : 0mS.
2025-08-06 00:05:25,496 [INFO] UtilMem:75 - End SaveConfig() Used Memory: 895751720 Bytes (1073741824)
2025-08-06 00:05:25,752 [INFO] BlockDiagram:2775 - set Specific Code input for plugin: NVIC
2025-08-06 00:05:25,752 [INFO] BlockDiagram:2775 - set Specific Code input for plugin: USART
2025-08-06 00:05:25,752 [INFO] BlockDiagram:2775 - set Specific Code input for plugin: TIM1_8
2025-08-06 00:05:25,752 [INFO] BlockDiagram:2775 - set Specific Code input for plugin: SYS
2025-08-06 00:05:25,752 [INFO] BlockDiagram:2775 - set Specific Code input for plugin: GPIO
2025-08-06 00:05:25,752 [INFO] BlockDiagram:2775 - set Specific Code input for plugin: ADC
2025-08-06 00:05:25,752 [INFO] BlockDiagram:2775 - set Specific Code input for plugin: RCC
2025-08-06 00:05:25,754 [INFO] CodeGenerator:892 - code generatio: config db path: D:\STM32CubeIDE_1.19.0\STM32CubeIDE\plugins\com.st.stm32cube.common.mx_6.15.0.202507011659\\db\
2025-08-06 00:05:25,848 [INFO] CodeEngine:265 - oldGeneratedFile, D:\STM_Workspace_v4\Single_Channel_Logger\MXTmpFiles\license.tmp_save
2025-08-06 00:05:25,919 [INFO] CodeEngine:289 - Generated code: D:\STM_Workspace_v4\Single_Channel_Logger\MXTmpFiles\license.tmp
2025-08-06 00:05:25,937 [INFO] CodeEngine:265 - oldGeneratedFile, D:\STM_Workspace_v4\Single_Channel_Logger\MXTmpFiles\gpio.tmp_save
2025-08-06 00:05:26,008 [INFO] CodeEngine:289 - Generated code: D:\STM_Workspace_v4\Single_Channel_Logger\MXTmpFiles\gpio.tmp
2025-08-06 00:05:26,111 [INFO] CodeEngine:265 - oldGeneratedFile, D:\STM_Workspace_v4\Single_Channel_Logger\Core\Src\stm32f4xx_it.c_save
2025-08-06 00:05:26,220 [INFO] CodeEngine:289 - Generated code: D:\STM_Workspace_v4\Single_Channel_Logger\Core\Src\stm32f4xx_it.c
2025-08-06 00:05:26,229 [INFO] CodeEngine:265 - oldGeneratedFile, D:\STM_Workspace_v4\Single_Channel_Logger\Core\Inc\stm32f4xx_it.h_save
2025-08-06 00:05:26,324 [INFO] CodeEngine:289 - Generated code: D:\STM_Workspace_v4\Single_Channel_Logger\Core\Inc\stm32f4xx_it.h
2025-08-06 00:05:26,346 [INFO] CodeEngine:265 - oldGeneratedFile, D:\STM_Workspace_v4\Single_Channel_Logger\Core\Src\stm32f4xx_hal_msp.c_save
2025-08-06 00:05:26,464 [INFO] CodeEngine:289 - Generated code: D:\STM_Workspace_v4\Single_Channel_Logger\Core\Src\stm32f4xx_hal_msp.c
2025-08-06 00:05:26,470 [INFO] CodeEngine:265 - oldGeneratedFile, D:\STM_Workspace_v4\Single_Channel_Logger\MXTmpFiles\system.tmp_save
2025-08-06 00:05:26,529 [INFO] CodeEngine:289 - Generated code: D:\STM_Workspace_v4\Single_Channel_Logger\MXTmpFiles\system.tmp
2025-08-06 00:05:26,544 [INFO] CodeEngine:321 - oldGeneratedFile, D:\STM_Workspace_v4\Single_Channel_Logger\Core\Inc\stm32f4xx_hal_conf.h_save
2025-08-06 00:05:26,667 [INFO] CodeEngine:345 - Generated code: D:\STM_Workspace_v4\Single_Channel_Logger\Core\Inc\stm32f4xx_hal_conf.h
2025-08-06 00:05:26,694 [WARN] IPConfigManager:3811 - IP not found : TIM
2025-08-06 00:05:26,695 [WARN] CodeGenerator:4259 - IP not found : null
2025-08-06 00:05:26,707 [INFO] CodeEngine:265 - oldGeneratedFile, D:\STM_Workspace_v4\Single_Channel_Logger\Core\Inc\main.h_save
2025-08-06 00:05:26,800 [INFO] CodeEngine:289 - Generated code: D:\STM_Workspace_v4\Single_Channel_Logger\Core\Inc\main.h
2025-08-06 00:05:26,808 [INFO] CodeEngine:265 - oldGeneratedFile, D:\STM_Workspace_v4\Single_Channel_Logger\Core\Src\main.c_save
2025-08-06 00:05:26,972 [INFO] CodeEngine:289 - Generated code: D:\STM_Workspace_v4\Single_Channel_Logger\Core\Src\main.c
2025-08-06 00:05:27,575 [INFO] ProjectBuilder:3606 - Time for Copy HAL[1] : 315mS.
2025-08-06 00:05:27,577 [INFO] ProjectBuilder:5216 - Project Generator version: 4.7.0-B52
2025-08-06 00:05:27,642 [INFO] ConfigFileManager:1595 - The Die is : DIE431
2025-08-06 00:05:28,658 [INFO] ProjectBuilder:5496 - Time for Generating toolchain IDE Files: 1081mS.
2025-08-06 00:05:28,659 [INFO] ProjectBuilder:3463 - Time for Copy CMSIS : 1mS.
2025-08-06 00:05:28,661 [INFO] ProjectBuilder:3463 - Time for Copy CMSIS : 0mS.
