2025-07-28 08:34:13,837 [INFO] Activator:176 - 


2025-07-28 08:34:13,888 [INFO] Activator:177 - !SESSION log4j initialized
2025-07-28 08:34:22,446 [INFO] LogOutputStream:77 - [STDOUT_REDIRECT] 
2025-07-28 08:34:24,249 [INFO] ApplicationProperties:184 - Using Application install path: D:\STM32CubeIDE_1.19.0\STM32CubeIDE\plugins\com.st.stm32cube.common.mx_6.15.0.202507011659
2025-07-28 08:34:24,280 [INFO] DbMcusXml:78 - Set database path to: D:\STM32CubeIDE_1.19.0\STM32CubeIDE\plugins\com.st.stm32cube.common.mx_6.15.0.202507011659\\db\/mcu/
2025-07-28 08:34:24,280 [INFO] ApiDb:274 - Set plugin database path to: D:\STM32CubeIDE_1.19.0\STM32CubeIDE\plugins\com.st.stm32cube.common.mx_6.15.0.202507011659\\db\/plugins/boardmanager/
2025-07-28 08:34:24,281 [WARN] ApiDb:259 - Overriding images path with different value:  => D:\STM32CubeIDE_1.19.0\STM32CubeIDE\plugins\com.st.stm32cube.common.mx_6.15.0.202507011659\\db\/plugins/mcufinder/images/
2025-07-28 08:34:24,294 [INFO] ApiDb:250 - Set database path to: C:\Users\DELL\.stmcufinder\plugins\mcufinder//mcu/
2025-07-28 08:34:24,296 [INFO] DbMcusAds:125 - Set database path to: C:\Users\DELL\.stmcufinder\plugins\mcufinder//mcu/
2025-07-28 08:34:24,301 [INFO] CrossReferenceDbSqlite:203 - Set database path to: C:\Users\DELL\.stmcufinder\plugins\mcufinder//mcu/cs/
2025-07-28 08:34:24,480 [INFO] RulesReader:64 - Compatibility file has been processed (317 Rules)
2025-07-28 08:34:24,666 [INFO] DbMcusXml:78 - Set database path to: D:\STM32CubeIDE_1.19.0\STM32CubeIDE\plugins\com.st.stm32cube.common.mx_6.15.0.202507011659\\db\/mcu/
2025-07-28 08:34:24,666 [INFO] ApiDb:274 - Set plugin database path to: D:\STM32CubeIDE_1.19.0\STM32CubeIDE\plugins\com.st.stm32cube.common.mx_6.15.0.202507011659\\db\/plugins/boardmanager/
2025-07-28 08:34:24,667 [INFO] ApiDb:261 - Set plugin images path to: D:\STM32CubeIDE_1.19.0\STM32CubeIDE\plugins\com.st.stm32cube.common.mx_6.15.0.202507011659\\db\/plugins/mcufinder/images/
2025-07-28 08:34:24,667 [WARN] DbFile:41 - Overriding database path with different value: C:\Users\DELL\.stmcufinder\plugins\mcufinder/ => C:\Users\DELL\.stmcufinder\plugins\mcufinder
2025-07-28 08:34:24,667 [INFO] ApiDb:250 - Set database path to: C:\Users\DELL\.stmcufinder\plugins\mcufinder//mcu/
2025-07-28 08:34:24,667 [WARN] DbFile:41 - Overriding database path with different value: C:\Users\DELL\.stmcufinder\plugins\mcufinder/ => C:\Users\DELL\.stmcufinder\plugins\mcufinder
2025-07-28 08:34:24,667 [INFO] DbMcusAds:125 - Set database path to: C:\Users\DELL\.stmcufinder\plugins\mcufinder//mcu/
2025-07-28 08:34:24,667 [WARN] DbFile:41 - Overriding database path with different value: C:\Users\DELL\.stmcufinder\plugins\mcufinder/ => C:\Users\DELL\.stmcufinder\plugins\mcufinder
2025-07-28 08:34:24,667 [WARN] DbFile:41 - Overriding database path with different value: C:\Users\DELL\.stmcufinder\plugins\mcufinder/ => C:\Users\DELL\.stmcufinder\plugins\mcufinder
2025-07-28 08:34:24,668 [INFO] CrossReferenceDbSqlite:203 - Set database path to: C:\Users\DELL\.stmcufinder\plugins\mcufinder//mcu/cs/
2025-07-28 08:34:24,800 [INFO] MainPanel:274 - HeapMemory: 268435456
2025-07-28 08:34:24,981 [INFO] DbMcusXml:78 - Set database path to: D:\STM32CubeIDE_1.19.0\STM32CubeIDE\plugins\com.st.stm32cube.common.mx_6.15.0.202507011659\\db\/mcu/
2025-07-28 08:34:24,981 [INFO] ApiDb:274 - Set plugin database path to: D:\STM32CubeIDE_1.19.0\STM32CubeIDE\plugins\com.st.stm32cube.common.mx_6.15.0.202507011659\\db\/plugins/boardmanager/
2025-07-28 08:34:24,981 [INFO] ApiDb:261 - Set plugin images path to: D:\STM32CubeIDE_1.19.0\STM32CubeIDE\plugins\com.st.stm32cube.common.mx_6.15.0.202507011659\\db\/plugins/mcufinder/images/
2025-07-28 08:34:24,982 [WARN] DbFile:41 - Overriding database path with different value: C:\Users\DELL\.stmcufinder\plugins\mcufinder/ => C:\Users\DELL\.stmcufinder\plugins\mcufinder
2025-07-28 08:34:24,982 [INFO] ApiDb:250 - Set database path to: C:\Users\DELL\.stmcufinder\plugins\mcufinder//mcu/
2025-07-28 08:34:24,982 [WARN] DbFile:41 - Overriding database path with different value: C:\Users\DELL\.stmcufinder\plugins\mcufinder/ => C:\Users\DELL\.stmcufinder\plugins\mcufinder
2025-07-28 08:34:24,982 [INFO] DbMcusAds:125 - Set database path to: C:\Users\DELL\.stmcufinder\plugins\mcufinder//mcu/
2025-07-28 08:34:24,982 [WARN] DbFile:41 - Overriding database path with different value: C:\Users\DELL\.stmcufinder\plugins\mcufinder/ => C:\Users\DELL\.stmcufinder\plugins\mcufinder
2025-07-28 08:34:24,982 [WARN] DbFile:41 - Overriding database path with different value: C:\Users\DELL\.stmcufinder\plugins\mcufinder/ => C:\Users\DELL\.stmcufinder\plugins\mcufinder
2025-07-28 08:34:24,982 [INFO] CrossReferenceDbSqlite:203 - Set database path to: C:\Users\DELL\.stmcufinder\plugins\mcufinder//mcu/cs/
2025-07-28 08:34:25,013 [INFO] ApplicationProperties:184 - Using Application install path: D:\STM32CubeIDE_1.19.0\STM32CubeIDE\plugins\com.st.stm32cube.common.mx_6.15.0.202507011659
2025-07-28 08:34:25,016 [INFO] PluginManage:196 - Search for loadable plugins [exclusion list=, ]
2025-07-28 08:34:25,019 [INFO] PluginManage:310 - Check plugin analytics
2025-07-28 08:34:25,292 [INFO] AnalyticsPlugin:253 - Accepted Software Licenses: STM32CubeMX.6.15.0
2025-07-28 08:34:25,292 [INFO] AnalyticsPlugin:255 - Accepted CMSIS Pack Licenses: 
2025-07-28 08:34:25,293 [INFO] AnalyticsPlugin:257 - Accepted Firmware Licenses: FW.F4.1.28.0
2025-07-28 08:34:25,296 [INFO] PluginManage:359 - Loaded plugin analytics (category:tool,tabindex:-1)
2025-07-28 08:34:25,297 [INFO] PluginManage:310 - Check plugin cadmodel
2025-07-28 08:34:25,305 [INFO] CADModel:105 - Init CAD model plugin
2025-07-28 08:34:25,306 [INFO] PluginManage:359 - Loaded plugin cadmodel (category:power,tabindex:5)
2025-07-28 08:34:25,306 [INFO] PluginManage:310 - Check plugin clock
2025-07-28 08:34:25,322 [INFO] PluginManage:359 - Loaded plugin clock (category:base,tabindex:2)
2025-07-28 08:34:25,322 [INFO] PluginManage:310 - Check plugin ddr
2025-07-28 08:34:25,326 [INFO] PluginManage:359 - Loaded plugin ddr (category:tool,tabindex:6)
2025-07-28 08:34:25,326 [INFO] PluginManage:310 - Check plugin filemanager
2025-07-28 08:34:25,561 [INFO] PluginManage:359 - Loaded plugin filemanager (category:base,tabindex:10)
2025-07-28 08:34:25,561 [INFO] PluginManage:310 - Check plugin ipmanager
2025-07-28 08:34:25,576 [INFO] PluginManage:359 - Loaded plugin ipmanager (category:base,tabindex:5)
2025-07-28 08:34:25,576 [INFO] PluginManage:310 - Check plugin lpbam
2025-07-28 08:34:25,589 [INFO] PluginManage:359 - Loaded plugin lpbam (category:base,tabindex:0)
2025-07-28 08:34:25,589 [INFO] PluginManage:310 - Check plugin memorymap
2025-07-28 08:34:25,612 [INFO] PluginManage:359 - Loaded plugin memorymap (category:base,tabindex:4)
2025-07-28 08:34:25,613 [INFO] PluginManage:310 - Check plugin pinoutandconfiguration
2025-07-28 08:34:25,625 [INFO] PluginManage:359 - Loaded plugin pinoutandconfiguration (category:base,tabindex:1)
2025-07-28 08:34:25,625 [INFO] PluginManage:310 - Check plugin pinoutconfig
2025-07-28 08:34:25,760 [WARN] SupportedApi:132 - Cannot load RTOS API schema: s4s-elt-must-match.1: The content of 'definitions' must match (annotation?, (simpleType | complexType)?, (unique | key | keyref)*)). A problem was found starting at: attribute.
2025-07-28 08:34:25,980 [INFO] PluginManage:359 - Loaded plugin pinoutconfig (category:base,tabindex:0)
2025-07-28 08:34:25,980 [INFO] PluginManage:310 - Check plugin power
2025-07-28 08:34:26,005 [INFO] PluginManage:359 - Loaded plugin power (category:power,tabindex:4)
2025-07-28 08:34:26,005 [INFO] PluginManage:310 - Check plugin projectmanager
2025-07-28 08:34:26,027 [INFO] PluginManage:359 - Loaded plugin projectmanager (category:projectmanager,tabindex:4)
2025-07-28 08:34:26,027 [INFO] PluginManage:310 - Check plugin rif
2025-07-28 08:34:26,043 [INFO] PluginManage:359 - Loaded plugin rif (category:base,tabindex:3)
2025-07-28 08:34:26,043 [INFO] PluginManage:310 - Check plugin thirdparty
2025-07-28 08:34:26,238 [INFO] PluginManage:359 - Loaded plugin thirdparty (category:base,tabindex:-1)
2025-07-28 08:34:26,238 [WARN] IntegrityCheckThread:84 - waiting for thirdparty lock release [integrity check]
2025-07-28 08:34:26,238 [INFO] IntegrityCheckThread:86 - entering critical section [integrity check]
2025-07-28 08:34:26,238 [INFO] PluginManage:310 - Check plugin tools
2025-07-28 08:34:26,239 [INFO] ThirdPartyUpdaterWithRetryManager:70 - Updater plugin not ready yet. [1/15]
2025-07-28 08:34:26,242 [INFO] PluginManage:359 - Loaded plugin tools (category:base,tabindex:7)
2025-07-28 08:34:26,243 [INFO] PluginManage:310 - Check plugin tutovideos
2025-07-28 08:34:26,579 [INFO] PluginManage:359 - Loaded plugin tutovideos (category:base,tabindex:-1)
2025-07-28 08:34:26,580 [INFO] PluginManage:310 - Check plugin updater
2025-07-28 08:34:26,611 [INFO] PluginManage:359 - Loaded plugin updater (category:base,tabindex:12)
2025-07-28 08:34:26,612 [INFO] PluginManage:310 - Check plugin userauth
2025-07-28 08:34:26,617 [INFO] UserAuth:118 - Init User Auth plugin
2025-07-28 08:34:26,619 [INFO] PluginManage:359 - Loaded plugin userauth (category:base,tabindex:14)
2025-07-28 08:34:26,620 [INFO] PluginManage:283 - PluginManage : Loaded plugins [18]
2025-07-28 08:34:27,057 [INFO] PinOutPanel:1589 - setPackage(No Configuration,No Configuration)
2025-07-28 08:34:27,250 [INFO] CADModel:165 - CPN selected for project level
2025-07-28 08:34:27,250 [INFO] CADModel:114 - Register for checkConnection events
2025-07-28 08:34:27,280 [INFO] IPUIPlugin:80 - create IPUIPlugin
2025-07-28 08:34:27,280 [INFO] PluginManager:220 - loadIPPluginJar : add adc
2025-07-28 08:34:27,284 [INFO] IPUIPlugin:80 - create IPUIPlugin
2025-07-28 08:34:27,284 [INFO] PluginManager:220 - loadIPPluginJar : add aes
2025-07-28 08:34:27,288 [INFO] IPUIPlugin:80 - create IPUIPlugin
2025-07-28 08:34:27,289 [INFO] PluginManager:220 - loadIPPluginJar : add can
2025-07-28 08:34:27,291 [INFO] IPUIPlugin:80 - create IPUIPlugin
2025-07-28 08:34:27,292 [INFO] PluginManager:220 - loadIPPluginJar : add comp
2025-07-28 08:34:27,296 [INFO] IPUIPlugin:80 - create IPUIPlugin
2025-07-28 08:34:27,296 [INFO] PluginManager:220 - loadIPPluginJar : add cryp
2025-07-28 08:34:27,301 [INFO] IPUIPlugin:80 - create IPUIPlugin
2025-07-28 08:34:27,302 [INFO] PluginManager:220 - loadIPPluginJar : add ddr_ctrl_phy
2025-07-28 08:34:27,306 [INFO] IPUIPlugin:80 - create IPUIPlugin
2025-07-28 08:34:27,306 [INFO] PluginManager:220 - loadIPPluginJar : add dfsdm
2025-07-28 08:34:27,315 [INFO] IPUIPlugin:80 - create IPUIPlugin
2025-07-28 08:34:27,316 [INFO] PluginManager:220 - loadIPPluginJar : add dma
2025-07-28 08:34:27,320 [INFO] IPUIPlugin:80 - create IPUIPlugin
2025-07-28 08:34:27,320 [INFO] PluginManager:220 - loadIPPluginJar : add dma3
2025-07-28 08:34:27,325 [INFO] IPUIPlugin:80 - create IPUIPlugin
2025-07-28 08:34:27,325 [INFO] PluginManager:220 - loadIPPluginJar : add extmemmanager
2025-07-28 08:34:27,328 [INFO] IPUIPlugin:80 - create IPUIPlugin
2025-07-28 08:34:27,328 [INFO] PluginManager:220 - loadIPPluginJar : add fatfs
2025-07-28 08:34:27,334 [INFO] IPUIPlugin:80 - create IPUIPlugin
2025-07-28 08:34:27,334 [INFO] PluginManager:220 - loadIPPluginJar : add fmc
2025-07-28 08:34:27,343 [INFO] IPUIPlugin:80 - create IPUIPlugin
2025-07-28 08:34:27,343 [INFO] PluginManager:220 - loadIPPluginJar : add freertos
2025-07-28 08:34:27,346 [INFO] IPUIPlugin:80 - create IPUIPlugin
2025-07-28 08:34:27,346 [INFO] PluginManager:220 - loadIPPluginJar : add genericplugin
2025-07-28 08:34:27,349 [INFO] IPUIPlugin:80 - create IPUIPlugin
2025-07-28 08:34:27,349 [INFO] PluginManager:220 - loadIPPluginJar : add gfxmmu
2025-07-28 08:34:27,357 [INFO] IPUIPlugin:80 - create IPUIPlugin
2025-07-28 08:34:27,358 [INFO] PluginManager:220 - loadIPPluginJar : add gic
2025-07-28 08:34:27,364 [INFO] IPUIPlugin:80 - create IPUIPlugin
2025-07-28 08:34:27,365 [INFO] PluginManager:220 - loadIPPluginJar : add gpio
2025-07-28 08:34:27,369 [INFO] IPUIPlugin:80 - create IPUIPlugin
2025-07-28 08:34:27,369 [INFO] PluginManager:220 - loadIPPluginJar : add gtzc
2025-07-28 08:34:27,373 [INFO] IPUIPlugin:80 - create IPUIPlugin
2025-07-28 08:34:27,373 [INFO] PluginManager:220 - loadIPPluginJar : add hash
2025-07-28 08:34:27,378 [INFO] IPUIPlugin:80 - create IPUIPlugin
2025-07-28 08:34:27,378 [INFO] PluginManager:220 - loadIPPluginJar : add i2c
2025-07-28 08:34:27,382 [INFO] IPUIPlugin:80 - create IPUIPlugin
2025-07-28 08:34:27,383 [INFO] PluginManager:220 - loadIPPluginJar : add i2s
2025-07-28 08:34:27,387 [INFO] IPUIPlugin:80 - create IPUIPlugin
2025-07-28 08:34:27,387 [INFO] PluginManager:220 - loadIPPluginJar : add i3c
2025-07-28 08:34:27,392 [INFO] IPUIPlugin:80 - create IPUIPlugin
2025-07-28 08:34:27,392 [INFO] PluginManager:220 - loadIPPluginJar : add ipddr
2025-07-28 08:34:27,402 [INFO] IPUIPlugin:80 - create IPUIPlugin
2025-07-28 08:34:27,402 [INFO] PluginManager:220 - loadIPPluginJar : add linkedlist
2025-07-28 08:34:27,406 [INFO] IPUIPlugin:80 - create IPUIPlugin
2025-07-28 08:34:27,407 [INFO] PluginManager:220 - loadIPPluginJar : add lorawan
2025-07-28 08:34:27,409 [INFO] IPUIPlugin:80 - create IPUIPlugin
2025-07-28 08:34:27,409 [INFO] PluginManager:220 - loadIPPluginJar : add ltdc
2025-07-28 08:34:27,418 [INFO] IPUIPlugin:80 - create IPUIPlugin
2025-07-28 08:34:27,418 [INFO] PluginManager:220 - loadIPPluginJar : add mdma
2025-07-28 08:34:27,423 [INFO] IPUIPlugin:80 - create IPUIPlugin
2025-07-28 08:34:27,424 [INFO] PluginManager:220 - loadIPPluginJar : add nvic
2025-07-28 08:34:27,429 [INFO] IPUIPlugin:80 - create IPUIPlugin
2025-07-28 08:34:27,429 [INFO] PluginManager:220 - loadIPPluginJar : add opamp
2025-07-28 08:34:27,434 [INFO] IPUIPlugin:80 - create IPUIPlugin
2025-07-28 08:34:27,434 [INFO] PluginManager:220 - loadIPPluginJar : add openamp
2025-07-28 08:34:27,438 [INFO] IPUIPlugin:80 - create IPUIPlugin
2025-07-28 08:34:27,438 [INFO] PluginManager:220 - loadIPPluginJar : add pdm2pcm
2025-07-28 08:34:27,447 [INFO] IPUIPlugin:80 - create IPUIPlugin
2025-07-28 08:34:27,451 [INFO] PluginManager:220 - loadIPPluginJar : add plateformsettings
2025-07-28 08:34:27,454 [INFO] IPUIPlugin:80 - create IPUIPlugin
2025-07-28 08:34:27,454 [INFO] PluginManager:220 - loadIPPluginJar : add quadspi
2025-07-28 08:34:27,457 [INFO] IPUIPlugin:80 - create IPUIPlugin
2025-07-28 08:34:27,458 [INFO] PluginManager:220 - loadIPPluginJar : add radio
2025-07-28 08:34:27,464 [INFO] IPUIPlugin:80 - create IPUIPlugin
2025-07-28 08:34:27,464 [INFO] PluginManager:220 - loadIPPluginJar : add resmgrutility
2025-07-28 08:34:27,468 [INFO] IPUIPlugin:80 - create IPUIPlugin
2025-07-28 08:34:27,469 [INFO] PluginManager:220 - loadIPPluginJar : add sai
2025-07-28 08:34:27,472 [INFO] IPUIPlugin:80 - create IPUIPlugin
2025-07-28 08:34:27,473 [INFO] PluginManager:220 - loadIPPluginJar : add spi
2025-07-28 08:34:27,483 [INFO] IPUIPlugin:80 - create IPUIPlugin
2025-07-28 08:34:27,483 [INFO] PluginManager:220 - loadIPPluginJar : add stm32_wpan
2025-07-28 08:34:27,486 [INFO] IPUIPlugin:80 - create IPUIPlugin
2025-07-28 08:34:27,486 [INFO] PluginManager:220 - loadIPPluginJar : add tim
2025-07-28 08:34:27,491 [INFO] IPUIPlugin:80 - create IPUIPlugin
2025-07-28 08:34:27,492 [INFO] PluginManager:220 - loadIPPluginJar : add touchsensing
2025-07-28 08:34:27,495 [INFO] IPUIPlugin:80 - create IPUIPlugin
2025-07-28 08:34:27,495 [INFO] PluginManager:220 - loadIPPluginJar : add tracer_emb
2025-07-28 08:34:27,498 [INFO] IPUIPlugin:80 - create IPUIPlugin
2025-07-28 08:34:27,498 [INFO] PluginManager:220 - loadIPPluginJar : add ts
2025-07-28 08:34:27,501 [INFO] IPUIPlugin:80 - create IPUIPlugin
2025-07-28 08:34:27,501 [INFO] PluginManager:220 - loadIPPluginJar : add tsc
2025-07-28 08:34:27,504 [INFO] IPUIPlugin:80 - create IPUIPlugin
2025-07-28 08:34:27,504 [INFO] PluginManager:220 - loadIPPluginJar : add ucpd
2025-07-28 08:34:27,507 [INFO] IPUIPlugin:80 - create IPUIPlugin
2025-07-28 08:34:27,508 [INFO] PluginManager:220 - loadIPPluginJar : add usart
2025-07-28 08:34:27,513 [INFO] IPUIPlugin:80 - create IPUIPlugin
2025-07-28 08:34:27,513 [INFO] PluginManager:220 - loadIPPluginJar : add usbx
2025-07-28 08:34:27,676 [FATAL] Updater:351 - Updater called before beeing initialized
2025-07-28 08:34:27,715 [INFO] RulesReader:64 - Compatibility file has been processed (317 Rules)
2025-07-28 08:34:27,731 [INFO] RulesReader:64 - Compatibility file has been processed (317 Rules)
2025-07-28 08:34:27,741 [INFO] CADModel:165 - CPN selected for project level
2025-07-28 08:34:27,741 [INFO] CADModel:114 - Register for checkConnection events
2025-07-28 08:34:27,741 [FATAL] Updater:351 - Updater called before beeing initialized
2025-07-28 08:34:27,742 [ERROR] CADModel:125 - Updater not yet initialized, retry later 
2025-07-28 08:34:27,947 [FATAL] Updater:351 - Updater called before beeing initialized
2025-07-28 08:34:27,950 [INFO] CADModel:165 - CPN selected for project level
2025-07-28 08:34:27,950 [INFO] CADModel:114 - Register for checkConnection events
2025-07-28 08:34:27,951 [FATAL] Updater:351 - Updater called before beeing initialized
2025-07-28 08:34:27,951 [ERROR] CADModel:125 - Updater not yet initialized, retry later 
2025-07-28 08:34:27,955 [FATAL] Updater:351 - Updater called before beeing initialized
2025-07-28 08:34:28,127 [FATAL] Updater:351 - Updater called before beeing initialized
2025-07-28 08:34:28,133 [INFO] DbMcusAds:53 - JSON generation date=Tue Jul 08 13:44:23 IST 2025 (1751962463582)
2025-07-28 08:34:28,134 [FATAL] Updater:351 - Updater called before beeing initialized
2025-07-28 08:34:28,186 [WARN] DetailPanel:346 - Failed to get advertising image, set to default
2025-07-28 08:34:28,300 [FATAL] Updater:351 - Updater called before beeing initialized
2025-07-28 08:34:28,303 [FATAL] Updater:351 - Updater called before beeing initialized
2025-07-28 08:34:28,303 [FATAL] Updater:351 - Updater called before beeing initialized
2025-07-28 08:34:28,303 [WARN] DetailPanel:346 - Failed to get advertising image, set to default
2025-07-28 08:34:28,305 [FATAL] Updater:351 - Updater called before beeing initialized
2025-07-28 08:34:28,380 [ERROR] Updater:1198 - MainUpdater not yet initialized. External WinMGr cannot be set.
2025-07-28 08:34:28,383 [INFO] Updater:1134 - Updater Version found : 6.15.0
2025-07-28 08:34:28,411 [INFO] ApplicationProperties:184 - Using Application install path: D:\STM32CubeIDE_1.19.0\STM32CubeIDE\plugins\com.st.stm32cube.common.mx_6.15.0.202507011659
2025-07-28 08:34:29,240 [INFO] ThirdPartyUpdaterWithRetryManager:70 - Updater plugin not ready yet. [2/15]
2025-07-28 08:34:29,998 [ERROR] LogOutputStream:75 - [STDERR_REDIRECT] Jul 28, 2025 8:34:29 AM java.util.prefs.WindowsPreferences <init>
2025-07-28 08:34:30,000 [ERROR] LogOutputStream:75 - [STDERR_REDIRECT] WARNING: Could not open/create prefs root node Software\JavaSoft\Prefs at root 0xffffffff80000002. Windows RegCreateKeyEx(...) returned error code 5.
2025-07-28 08:34:30,000 [ERROR] LogOutputStream:75 - [STDERR_REDIRECT] 
2025-07-28 08:34:30,431 [INFO] MainUpdater:2872 - connection check result : 10
2025-07-28 08:34:30,433 [INFO] MainUpdater:289 - Updater Check For Update Now.
2025-07-28 08:34:30,433 [INFO] MicroXplorer:498 - Change Database Version : DB.6.0.150
2025-07-28 08:34:30,440 [INFO] McuFinderGlobals:63 - Set McuFinder mode to 2 (CubeIDE integrated)
2025-07-28 08:34:30,441 [INFO] UserAuth:171 - activating auth plugin
2025-07-28 08:34:30,446 [INFO] UserAuth:487 - Internet connection configuration mode: 1
2025-07-28 08:34:30,474 [INFO] JxBrowserEngine:152 - Initiate JxBrowser Engine with user profile folder
2025-07-28 08:34:30,725 [INFO] CheckServerUpdateThread:120 - End of CheckServer Thread
2025-07-28 08:34:31,885 [INFO] WebApp:169 - Instantiating new browser for Auth
2025-07-28 08:34:32,760 [WARN] PackLoader:240 - Cannot read IP mode file for STMicroelectronics.FP-SNS-MOTENVWB1.1.4.0
2025-07-28 08:34:32,775 [WARN] PackLoader:240 - Cannot read IP mode file for STMicroelectronics.FP-ATR-ASTRA1.2.0.2
2025-07-28 08:34:32,782 [WARN] PackLoader:240 - Cannot read IP mode file for STMicroelectronics.FP-ATR-ASTRA1.2.0.1
2025-07-28 08:34:32,795 [WARN] PackLoader:240 - Cannot read IP mode file for STMicroelectronics.X-CUBE-SMBUS.2.1.0
2025-07-28 08:34:32,809 [WARN] PackLoader:240 - Cannot read IP mode file for STMicroelectronics.X-CUBE-WB05N.1.1.0
2025-07-28 08:34:32,821 [WARN] PackLoader:240 - Cannot read IP mode file for STMicroelectronics.X-CUBE-ST60.1.0.0
2025-07-28 08:34:32,863 [WARN] PackLoader:240 - Cannot read IP mode file for STMicroelectronics.X-CUBE-AZRTOS-F7.1.1.0
2025-07-28 08:34:32,937 [WARN] PackLoader:240 - Cannot read IP mode file for STMicroelectronics.X-CUBE-MEMS1.11.0.0
2025-07-28 08:34:33,272 [WARN] PackLoader:240 - Cannot read IP mode file for STMicroelectronics.FP-SNS-FLIGHT1.5.0.2
2025-07-28 08:34:33,298 [WARN] PackLoader:240 - Cannot read IP mode file for STMicroelectronics.X-CUBE-AZRTOS-H7.3.4.0
2025-07-28 08:34:33,311 [WARN] PackLoader:240 - Cannot read IP mode file for STMicroelectronics.X-CUBE-DISPLAY.3.0.0
2025-07-28 08:34:33,323 [WARN] PackLoader:240 - Cannot read IP mode file for STMicroelectronics.X-CUBE-BLE1.7.0.0
2025-07-28 08:34:33,332 [WARN] PackLoader:240 - Cannot read IP mode file for STMicroelectronics.X-CUBE-NFC10.1.0.0
2025-07-28 08:34:33,344 [WARN] PackLoader:240 - Cannot read IP mode file for STMicroelectronics.X-CUBE-BLEMGR.4.0.0
2025-07-28 08:34:33,355 [WARN] PackLoader:240 - Cannot read IP mode file for emotas.I-CUBE-CANOPEN.1.3.0
2025-07-28 08:34:33,366 [WARN] PackLoader:240 - Cannot read IP mode file for STMicroelectronics.X-CUBE-BLEMGR.3.1.0
2025-07-28 08:34:33,377 [WARN] PackLoader:240 - Cannot read IP mode file for STMicroelectronics.X-CUBE-AI.10.0.0
2025-07-28 08:34:33,383 [WARN] PackLoader:240 - Cannot read IP mode file for STMicroelectronics.FP-SNS-SMARTAG2.1.2.0
2025-07-28 08:34:33,389 [WARN] PackLoader:240 - Cannot read IP mode file for STMicroelectronics.FP-SNS-FLIGHT1.5.1.0
2025-07-28 08:34:33,448 [WARN] PackLoader:240 - Cannot read IP mode file for STMicroelectronics.X-CUBE-MEMS1.11.1.0
2025-07-28 08:34:33,559 [INFO] LogOutputStream:77 - [STDOUT_REDIRECT] 1 : Invalid condition id : UX_CORESTACK_Condition cause : null
2025-07-28 08:34:33,560 [INFO] LogOutputStream:77 - [STDOUT_REDIRECT] 1 : Invalid condition id : UX_CORESTACK_Condition cause : null
2025-07-28 08:34:33,561 [INFO] LogOutputStream:77 - [STDOUT_REDIRECT] 1 : Invalid condition id : UX_CORESTACK_Condition cause : null
2025-07-28 08:34:33,563 [INFO] LogOutputStream:77 - [STDOUT_REDIRECT] 1 : Invalid condition id : UX_CORESTACK_Condition cause : null
2025-07-28 08:34:33,564 [INFO] LogOutputStream:77 - [STDOUT_REDIRECT] 1 : Invalid condition id : UX_CORESTACK_Condition cause : null
2025-07-28 08:34:33,567 [WARN] PackLoader:240 - Cannot read IP mode file for STMicroelectronics.X-CUBE-AZRTOS-WL.2.0.0
2025-07-28 08:34:33,574 [WARN] PackLoader:240 - Cannot read IP mode file for STMicroelectronics.FP-SNS-MOTENV1.5.0.0
2025-07-28 08:34:33,579 [WARN] PackLoader:240 - Cannot read IP mode file for wolfSSL.I-CUBE-wolfMQTT.1.19.0
2025-07-28 08:34:33,587 [WARN] PackLoader:240 - Cannot read IP mode file for WES.I-CUBE-Cesium.1.3.0
2025-07-28 08:34:33,593 [WARN] PackLoader:240 - Cannot read IP mode file for STMicroelectronics.X-CUBE-BLE2.3.3.0
2025-07-28 08:34:33,600 [WARN] PackLoader:240 - Cannot read IP mode file for STMicroelectronics.X-CUBE-NFC9.1.0.0
2025-07-28 08:34:33,607 [WARN] PackLoader:240 - Cannot read IP mode file for STMicroelectronics.X-CUBE-BLE1.7.1.0
2025-07-28 08:34:33,614 [WARN] PackLoader:240 - Cannot read IP mode file for STMicroelectronics.X-CUBE-TCPP.4.1.0
2025-07-28 08:34:33,623 [WARN] PackLoader:240 - Cannot read IP mode file for STMicroelectronics.X-CUBE-EEPRMA1.5.2.0
2025-07-28 08:34:33,628 [WARN] PackLoader:240 - Cannot read IP mode file for STMicroelectronics.X-CUBE-AI.10.1.0
2025-07-28 08:34:33,649 [WARN] PackLoader:240 - Cannot read IP mode file for STMicroelectronics.X-CUBE-AZRTOS-G0.1.1.0
2025-07-28 08:34:33,657 [WARN] PackLoader:240 - Cannot read IP mode file for STMicroelectronics.X-CUBE-SAFEA1.1.2.2
2025-07-28 08:34:33,664 [WARN] PackLoader:240 - Cannot read IP mode file for STMicroelectronics.X-CUBE-NFC4.3.0.0
2025-07-28 08:34:33,674 [WARN] PackLoader:240 - Cannot read IP mode file for EmbeddedOffice.I-CUBE-FS-RTOS.1.0.1
2025-07-28 08:34:33,680 [WARN] PackLoader:240 - Cannot read IP mode file for STMicroelectronics.X-CUBE-WB05N.2.0.0
2025-07-28 08:34:33,685 [WARN] PackLoader:240 - Cannot read IP mode file for STMicroelectronics.X-CUBE-TCPP.4.2.0
2025-07-28 08:34:33,692 [WARN] PackLoader:240 - Cannot read IP mode file for RealThread.X-CUBE-RT-Thread_Nano.4.1.1
2025-07-28 08:34:33,697 [WARN] PackLoader:240 - Cannot read IP mode file for STMicroelectronics.FP-ATR-SIGFOX1.3.2.0
2025-07-28 08:34:33,704 [WARN] ConditionMgr:438 - getConditionDescription Invalid condition id : Cortex-A Device cause : null
2025-07-28 08:34:33,733 [WARN] ConditionMgr:1044 - genDependencies : Invalid condition id : Cortex-A Device cause : null
2025-07-28 08:34:33,733 [WARN] ConditionMgr:1044 - genDependencies : Invalid condition id : Cortex-A Device cause : null
2025-07-28 08:34:33,733 [WARN] ConditionMgr:1044 - genDependencies : Invalid condition id : Cortex-A Device cause : null
2025-07-28 08:34:33,739 [WARN] PackLoader:240 - Cannot read IP mode file for STMicroelectronics.X-CUBE-EEPRMA1.5.1.0
2025-07-28 08:34:33,746 [WARN] PackLoader:240 - Cannot read IP mode file for wolfSSL.I-CUBE-wolfSSL.5.7.4
2025-07-28 08:34:33,762 [WARN] PackLoader:240 - Cannot read IP mode file for ITTIA_DB.I-CUBE-ITTIADB.8.9.0
2025-07-28 08:34:33,775 [WARN] PackLoader:240 - Cannot read IP mode file for STMicroelectronics.X-CUBE-ST67W61.1.0.0
2025-07-28 08:34:33,803 [WARN] PackLoader:240 - Cannot read IP mode file for SEGGER.I-CUBE-embOS.1.3.1
2025-07-28 08:34:33,834 [WARN] PackLoader:240 - Cannot read IP mode file for STMicroelectronics.X-CUBE-ALGOBUILD.1.4.0
2025-07-28 08:34:33,879 [WARN] PackLoader:240 - Cannot read IP mode file for STMicroelectronics.X-CUBE-MEMS1.11.3.0
2025-07-28 08:34:34,182 [WARN] PackLoader:240 - Cannot read IP mode file for STMicroelectronics.X-CUBE-AI.9.1.0
2025-07-28 08:34:34,189 [WARN] PackLoader:240 - Cannot read IP mode file for STMicroelectronics.X-CUBE-PM33A1.1.0.0
2025-07-28 08:34:34,210 [WARN] PackLoader:240 - Cannot read IP mode file for STMicroelectronics.X-CUBE-AZRTOS-F4.1.1.0
2025-07-28 08:34:34,216 [WARN] PackLoader:240 - Cannot read IP mode file for Avnet-IotConnect.X-CUBE-IoTC-DA16k-PMOD.1.0.0
2025-07-28 08:34:34,222 [WARN] PackLoader:240 - Cannot read IP mode file for STMicroelectronics.X-CUBE-ISPU.2.1.0
2025-07-28 08:34:34,228 [WARN] PackLoader:240 - Cannot read IP mode file for STMicroelectronics.X-CUBE-FREERTOS.1.2.0
2025-07-28 08:34:34,235 [WARN] PackLoader:240 - Cannot read IP mode file for STMicroelectronics.X-CUBE-NFC12.1.0.0
2025-07-28 08:34:34,252 [WARN] PackLoader:240 - Cannot read IP mode file for STMicroelectronics.X-CUBE-AZRTOS-L5.2.0.0
2025-07-28 08:34:34,262 [WARN] PackLoader:240 - Cannot read IP mode file for STMicroelectronics.X-CUBE-NFC6.3.1.0
2025-07-28 08:34:34,270 [WARN] PackLoader:240 - Cannot read IP mode file for STMicroelectronics.X-CUBE-DPower.1.2.0
2025-07-28 08:34:34,275 [WARN] PackLoader:240 - Cannot read IP mode file for STMicroelectronics.X-CUBE-FREERTOS.1.3.1
2025-07-28 08:34:34,280 [WARN] PackLoader:240 - Cannot read IP mode file for STMicroelectronics.X-CUBE-FREERTOS.1.3.0
2025-07-28 08:34:34,285 [WARN] PackLoader:240 - Cannot read IP mode file for STMicroelectronics.X-CUBE-NFC7.1.0.1
2025-07-28 08:34:34,292 [WARN] PackLoader:240 - Cannot read IP mode file for STMicroelectronics.FP-SNS-STAIOTCFT.1.0.0
2025-07-28 08:34:34,297 [WARN] PackLoader:240 - Cannot read IP mode file for STMicroelectronics.X-CUBE-DPower.1.3.0
2025-07-28 08:34:34,314 [WARN] ConditionMgr:438 - getConditionDescription Invalid condition id : LAN8742 Phy interface Condition cause : null
2025-07-28 08:34:34,315 [WARN] PackLoader:240 - Cannot read IP mode file for STMicroelectronics.X-CUBE-AZRTOS-L4.2.0.0
2025-07-28 08:34:34,316 [WARN] ConditionMgr:1044 - genDependencies : Invalid condition id : LAN8742 Phy interface Condition cause : null
2025-07-28 08:34:34,317 [WARN] ConditionMgr:1044 - genDependencies : Invalid condition id : LAN8742 Phy interface Condition cause : null
2025-07-28 08:34:34,317 [WARN] ConditionMgr:1044 - genDependencies : Invalid condition id : LAN8742 Phy interface Condition cause : null
2025-07-28 08:34:34,330 [WARN] PackLoader:240 - Cannot read IP mode file for STMicroelectronics.X-CUBE-SFXS2LP1.4.0.0
2025-07-28 08:34:34,348 [WARN] PackLoader:240 - Cannot read IP mode file for STMicroelectronics.X-CUBE-AZRTOS-H7.3.3.0
2025-07-28 08:34:34,364 [WARN] PackLoader:240 - Cannot read IP mode file for STMicroelectronics.X-CUBE-BLEMGR.4.1.0
2025-07-28 08:34:34,377 [WARN] PackLoader:240 - Cannot read IP mode file for STMicroelectronics.X-CUBE-IPS.3.0.0
2025-07-28 08:34:34,392 [WARN] ConditionMgr:438 - getConditionDescription Invalid condition id : UX DEVICE CLASS RTOS Condition cause : null
2025-07-28 08:34:34,393 [WARN] ConditionMgr:438 - getConditionDescription Invalid condition id : UX DEVICE CLASS RTOS Condition cause : null
2025-07-28 08:34:34,394 [WARN] PackLoader:240 - Cannot read IP mode file for STMicroelectronics.X-CUBE-AZRTOS-WB.2.0.0
2025-07-28 08:34:34,395 [WARN] ConditionMgr:1044 - genDependencies : Invalid condition id : UX DEVICE CLASS RTOS Condition cause : null
2025-07-28 08:34:34,395 [WARN] ConditionMgr:1044 - genDependencies : Invalid condition id : UX DEVICE CLASS RTOS Condition cause : null
2025-07-28 08:34:34,395 [WARN] ConditionMgr:1044 - genDependencies : Invalid condition id : UX DEVICE CLASS RTOS Condition cause : null
2025-07-28 08:34:34,396 [WARN] ConditionMgr:1044 - genDependencies : Invalid condition id : UX DEVICE CLASS RTOS Condition cause : null
2025-07-28 08:34:34,396 [WARN] ConditionMgr:1044 - genDependencies : Invalid condition id : UX DEVICE CLASS RTOS Condition cause : null
2025-07-28 08:34:34,401 [WARN] PackLoader:240 - Cannot read IP mode file for STMicroelectronics.X-CUBE-GNSS1.7.0.0
2025-07-28 08:34:34,408 [WARN] PackLoader:240 - Cannot read IP mode file for STMicroelectronics.X-CUBE-GNSS1.7.0.1
2025-07-28 08:34:34,414 [WARN] PackLoader:240 - Cannot read IP mode file for STMicroelectronics.X-CUBE-TOUCHGFX.4.25.0
2025-07-28 08:34:34,420 [WARN] PackLoader:240 - Cannot read IP mode file for STMicroelectronics.FP-SNS-STBOX1.2.0.0
2025-07-28 08:34:34,431 [WARN] PackLoader:240 - Cannot read IP mode file for STMicroelectronics.X-CUBE-SUBG2.5.0.0
2025-07-28 08:34:34,452 [WARN] PackLoader:240 - Cannot read IP mode file for STMicroelectronics.X-CUBE-AZRTOS-H7RS.1.1.0
2025-07-28 08:34:34,459 [WARN] PackLoader:240 - Cannot read IP mode file for Cesanta.I-CUBE-Mongoose.7.13.0
2025-07-28 08:34:34,473 [WARN] PackLoader:240 - Cannot read IP mode file for STMicroelectronics.X-CUBE-AZRTOS-G4.2.0.0
2025-07-28 08:34:34,478 [WARN] PackLoader:240 - Cannot read IP mode file for STMicroelectronics.X-CUBE-NFC7.2.0.0
2025-07-28 08:34:34,490 [WARN] PackLoader:240 - Cannot read IP mode file for STMicroelectronics.X-CUBE-IPS.3.1.0
2025-07-28 08:34:34,499 [WARN] PackLoader:240 - Cannot read IP mode file for STMicroelectronics.X-CUBE-ALS.1.0.2
2025-07-28 08:34:34,503 [WARN] PackLoader:240 - Cannot read IP mode file for STMicroelectronics.X-CUBE-TOUCHGFX.4.24.1
2025-07-28 08:34:34,507 [WARN] PackLoader:240 - Cannot read IP mode file for wolfSSL.I-CUBE-wolfTPM.3.4.0
2025-07-28 08:34:34,513 [WARN] PackLoader:240 - Cannot read IP mode file for portGmbH.I-Cube-SoM-uGOAL.1.1.0
2025-07-28 08:34:34,527 [WARN] PackLoader:240 - Cannot read IP mode file for STMicroelectronics.X-CUBE-AZRTOS-H7RS.1.0.0
2025-07-28 08:34:34,533 [WARN] PackLoader:240 - Cannot read IP mode file for STMicroelectronics.FP-ATR-ASTRA1.2.0.0
2025-07-28 08:34:34,544 [WARN] PackLoader:240 - Cannot read IP mode file for STMicroelectronics.X-CUBE-TOF1.3.4.2
2025-07-28 08:34:34,561 [WARN] PackLoader:240 - Cannot read IP mode file for STMicroelectronics.X-CUBE-TOF1.3.4.3
2025-07-28 08:34:34,593 [WARN] PackLoader:240 - Cannot read IP mode file for Infineon.AIROC-Wi-Fi-Bluetooth-STM32.1.6.1
2025-07-28 08:34:34,602 [WARN] PackLoader:240 - Cannot read IP mode file for wolfSSL.I-CUBE-wolfSSH.1.4.17
2025-07-28 08:34:34,603 [INFO] ThirdParty:978 - Integrity check success = true
2025-07-28 08:34:34,603 [INFO] IntegrityCheckThread:100 - exiting critical section [integrity check]
2025-07-28 08:34:34,603 [INFO] IntegrityCheckThread:103 - End integrity checks thread
2025-07-28 08:34:34,820 [INFO] WebApp:463 - Apply proxy settings
2025-07-28 08:34:34,820 [INFO] WebApp:548 - Chromium requires no authentication
2025-07-28 08:34:34,833 [INFO] WebApp:491 - Direct internet connection detected
2025-07-28 08:34:34,869 [INFO] WebApp:900 - Register for checkConnection events
2025-07-28 08:34:34,869 [INFO] WebApp:463 - Apply proxy settings
2025-07-28 08:34:34,869 [INFO] WebApp:548 - Chromium requires no authentication
2025-07-28 08:34:34,870 [INFO] WebApp:491 - Direct internet connection detected
2025-07-28 08:34:35,106 [INFO] WebApp:225 - Starting web application
2025-07-28 08:34:35,106 [INFO] WebApp:593 - Web application path used D:\STM32CubeIDE_1.19.0\STM32CubeIDE\plugins\com.st.stm32cube.common.mx_6.15.0.202507011659\db\plugins\mcufinder\reactClient1\index.html
2025-07-28 08:34:36,680 [INFO] WebApp:191 - Connection restablished
2025-07-28 09:00:19,309 [ERROR] LogOutputStream:75 - [STDERR_REDIRECT] 
