2025-07-26 08:51:24,123 [INFO] Activator:176 - 


2025-07-26 08:51:24,140 [INFO] Activator:177 - !SESSION log4j initialized
2025-07-26 08:51:30,663 [INFO] LogOutputStream:77 - [STDOUT_REDIRECT] 
2025-07-26 08:51:31,909 [INFO] ApplicationProperties:184 - Using Application install path: D:\STM32CubeIDE_1.19.0\STM32CubeIDE\plugins\com.st.stm32cube.common.mx_6.15.0.202507011659
2025-07-26 08:51:31,930 [INFO] DbMcusXml:78 - Set database path to: D:\STM32CubeIDE_1.19.0\STM32CubeIDE\plugins\com.st.stm32cube.common.mx_6.15.0.202507011659\\db\/mcu/
2025-07-26 08:51:31,930 [INFO] ApiDb:274 - Set plugin database path to: D:\STM32CubeIDE_1.19.0\STM32CubeIDE\plugins\com.st.stm32cube.common.mx_6.15.0.202507011659\\db\/plugins/boardmanager/
2025-07-26 08:51:31,931 [WARN] ApiDb:259 - Overriding images path with different value:  => D:\STM32CubeIDE_1.19.0\STM32CubeIDE\plugins\com.st.stm32cube.common.mx_6.15.0.202507011659\\db\/plugins/mcufinder/images/
2025-07-26 08:51:31,939 [INFO] ApiDb:250 - Set database path to: C:\Users\DELL\.stmcufinder\plugins\mcufinder//mcu/
2025-07-26 08:51:31,940 [INFO] DbMcusAds:125 - Set database path to: C:\Users\DELL\.stmcufinder\plugins\mcufinder//mcu/
2025-07-26 08:51:31,943 [INFO] CrossReferenceDbSqlite:203 - Set database path to: C:\Users\DELL\.stmcufinder\plugins\mcufinder//mcu/cs/
2025-07-26 08:51:32,086 [INFO] RulesReader:64 - Compatibility file has been processed (317 Rules)
2025-07-26 08:51:32,182 [INFO] DbMcusXml:78 - Set database path to: D:\STM32CubeIDE_1.19.0\STM32CubeIDE\plugins\com.st.stm32cube.common.mx_6.15.0.202507011659\\db\/mcu/
2025-07-26 08:51:32,182 [INFO] ApiDb:274 - Set plugin database path to: D:\STM32CubeIDE_1.19.0\STM32CubeIDE\plugins\com.st.stm32cube.common.mx_6.15.0.202507011659\\db\/plugins/boardmanager/
2025-07-26 08:51:32,182 [INFO] ApiDb:261 - Set plugin images path to: D:\STM32CubeIDE_1.19.0\STM32CubeIDE\plugins\com.st.stm32cube.common.mx_6.15.0.202507011659\\db\/plugins/mcufinder/images/
2025-07-26 08:51:32,182 [WARN] DbFile:41 - Overriding database path with different value: C:\Users\DELL\.stmcufinder\plugins\mcufinder/ => C:\Users\DELL\.stmcufinder\plugins\mcufinder
2025-07-26 08:51:32,182 [INFO] ApiDb:250 - Set database path to: C:\Users\DELL\.stmcufinder\plugins\mcufinder//mcu/
2025-07-26 08:51:32,182 [WARN] DbFile:41 - Overriding database path with different value: C:\Users\DELL\.stmcufinder\plugins\mcufinder/ => C:\Users\DELL\.stmcufinder\plugins\mcufinder
2025-07-26 08:51:32,182 [INFO] DbMcusAds:125 - Set database path to: C:\Users\DELL\.stmcufinder\plugins\mcufinder//mcu/
2025-07-26 08:51:32,183 [WARN] DbFile:41 - Overriding database path with different value: C:\Users\DELL\.stmcufinder\plugins\mcufinder/ => C:\Users\DELL\.stmcufinder\plugins\mcufinder
2025-07-26 08:51:32,183 [WARN] DbFile:41 - Overriding database path with different value: C:\Users\DELL\.stmcufinder\plugins\mcufinder/ => C:\Users\DELL\.stmcufinder\plugins\mcufinder
2025-07-26 08:51:32,183 [INFO] CrossReferenceDbSqlite:203 - Set database path to: C:\Users\DELL\.stmcufinder\plugins\mcufinder//mcu/cs/
2025-07-26 08:51:32,269 [INFO] MainPanel:274 - HeapMemory: 268435456
2025-07-26 08:51:32,410 [INFO] DbMcusXml:78 - Set database path to: D:\STM32CubeIDE_1.19.0\STM32CubeIDE\plugins\com.st.stm32cube.common.mx_6.15.0.202507011659\\db\/mcu/
2025-07-26 08:51:32,411 [INFO] ApiDb:274 - Set plugin database path to: D:\STM32CubeIDE_1.19.0\STM32CubeIDE\plugins\com.st.stm32cube.common.mx_6.15.0.202507011659\\db\/plugins/boardmanager/
2025-07-26 08:51:32,411 [INFO] ApiDb:261 - Set plugin images path to: D:\STM32CubeIDE_1.19.0\STM32CubeIDE\plugins\com.st.stm32cube.common.mx_6.15.0.202507011659\\db\/plugins/mcufinder/images/
2025-07-26 08:51:32,411 [WARN] DbFile:41 - Overriding database path with different value: C:\Users\DELL\.stmcufinder\plugins\mcufinder/ => C:\Users\DELL\.stmcufinder\plugins\mcufinder
2025-07-26 08:51:32,411 [INFO] ApiDb:250 - Set database path to: C:\Users\DELL\.stmcufinder\plugins\mcufinder//mcu/
2025-07-26 08:51:32,412 [WARN] DbFile:41 - Overriding database path with different value: C:\Users\DELL\.stmcufinder\plugins\mcufinder/ => C:\Users\DELL\.stmcufinder\plugins\mcufinder
2025-07-26 08:51:32,412 [INFO] DbMcusAds:125 - Set database path to: C:\Users\DELL\.stmcufinder\plugins\mcufinder//mcu/
2025-07-26 08:51:32,412 [WARN] DbFile:41 - Overriding database path with different value: C:\Users\DELL\.stmcufinder\plugins\mcufinder/ => C:\Users\DELL\.stmcufinder\plugins\mcufinder
2025-07-26 08:51:32,412 [WARN] DbFile:41 - Overriding database path with different value: C:\Users\DELL\.stmcufinder\plugins\mcufinder/ => C:\Users\DELL\.stmcufinder\plugins\mcufinder
2025-07-26 08:51:32,412 [INFO] CrossReferenceDbSqlite:203 - Set database path to: C:\Users\DELL\.stmcufinder\plugins\mcufinder//mcu/cs/
2025-07-26 08:51:32,435 [INFO] ApplicationProperties:184 - Using Application install path: D:\STM32CubeIDE_1.19.0\STM32CubeIDE\plugins\com.st.stm32cube.common.mx_6.15.0.202507011659
2025-07-26 08:51:32,437 [INFO] PluginManage:196 - Search for loadable plugins [exclusion list=, ]
2025-07-26 08:51:32,438 [INFO] PluginManage:310 - Check plugin analytics
2025-07-26 08:51:32,682 [INFO] AnalyticsPlugin:253 - Accepted Software Licenses: STM32CubeMX.6.15.0
2025-07-26 08:51:32,683 [INFO] AnalyticsPlugin:255 - Accepted CMSIS Pack Licenses: 
2025-07-26 08:51:32,683 [INFO] AnalyticsPlugin:257 - Accepted Firmware Licenses: FW.F4.1.28.0
2025-07-26 08:51:32,686 [INFO] PluginManage:359 - Loaded plugin analytics (category:tool,tabindex:-1)
2025-07-26 08:51:32,687 [INFO] PluginManage:310 - Check plugin cadmodel
2025-07-26 08:51:32,693 [INFO] CADModel:105 - Init CAD model plugin
2025-07-26 08:51:32,694 [INFO] PluginManage:359 - Loaded plugin cadmodel (category:power,tabindex:5)
2025-07-26 08:51:32,694 [INFO] PluginManage:310 - Check plugin clock
2025-07-26 08:51:32,708 [INFO] PluginManage:359 - Loaded plugin clock (category:base,tabindex:2)
2025-07-26 08:51:32,708 [INFO] PluginManage:310 - Check plugin ddr
2025-07-26 08:51:32,711 [INFO] PluginManage:359 - Loaded plugin ddr (category:tool,tabindex:6)
2025-07-26 08:51:32,712 [INFO] PluginManage:310 - Check plugin filemanager
2025-07-26 08:51:32,915 [INFO] PluginManage:359 - Loaded plugin filemanager (category:base,tabindex:10)
2025-07-26 08:51:32,915 [INFO] PluginManage:310 - Check plugin ipmanager
2025-07-26 08:51:32,926 [INFO] PluginManage:359 - Loaded plugin ipmanager (category:base,tabindex:5)
2025-07-26 08:51:32,926 [INFO] PluginManage:310 - Check plugin lpbam
2025-07-26 08:51:32,937 [INFO] PluginManage:359 - Loaded plugin lpbam (category:base,tabindex:0)
2025-07-26 08:51:32,937 [INFO] PluginManage:310 - Check plugin memorymap
2025-07-26 08:51:32,953 [INFO] PluginManage:359 - Loaded plugin memorymap (category:base,tabindex:4)
2025-07-26 08:51:32,954 [INFO] PluginManage:310 - Check plugin pinoutandconfiguration
2025-07-26 08:51:32,966 [INFO] PluginManage:359 - Loaded plugin pinoutandconfiguration (category:base,tabindex:1)
2025-07-26 08:51:32,966 [INFO] PluginManage:310 - Check plugin pinoutconfig
2025-07-26 08:51:33,081 [WARN] SupportedApi:132 - Cannot load RTOS API schema: s4s-elt-must-match.1: The content of 'definitions' must match (annotation?, (simpleType | complexType)?, (unique | key | keyref)*)). A problem was found starting at: attribute.
2025-07-26 08:51:33,227 [INFO] PluginManage:359 - Loaded plugin pinoutconfig (category:base,tabindex:0)
2025-07-26 08:51:33,227 [INFO] PluginManage:310 - Check plugin power
2025-07-26 08:51:33,236 [INFO] PluginManage:359 - Loaded plugin power (category:power,tabindex:4)
2025-07-26 08:51:33,236 [INFO] PluginManage:310 - Check plugin projectmanager
2025-07-26 08:51:33,253 [INFO] PluginManage:359 - Loaded plugin projectmanager (category:projectmanager,tabindex:4)
2025-07-26 08:51:33,253 [INFO] PluginManage:310 - Check plugin rif
2025-07-26 08:51:33,264 [INFO] PluginManage:359 - Loaded plugin rif (category:base,tabindex:3)
2025-07-26 08:51:33,264 [INFO] PluginManage:310 - Check plugin thirdparty
2025-07-26 08:51:33,422 [INFO] PluginManage:359 - Loaded plugin thirdparty (category:base,tabindex:-1)
2025-07-26 08:51:33,422 [WARN] IntegrityCheckThread:84 - waiting for thirdparty lock release [integrity check]
2025-07-26 08:51:33,423 [INFO] IntegrityCheckThread:86 - entering critical section [integrity check]
2025-07-26 08:51:33,423 [INFO] PluginManage:310 - Check plugin tools
2025-07-26 08:51:33,424 [INFO] ThirdPartyUpdaterWithRetryManager:70 - Updater plugin not ready yet. [1/15]
2025-07-26 08:51:33,426 [INFO] PluginManage:359 - Loaded plugin tools (category:base,tabindex:7)
2025-07-26 08:51:33,427 [INFO] PluginManage:310 - Check plugin tutovideos
2025-07-26 08:51:33,700 [INFO] PluginManage:359 - Loaded plugin tutovideos (category:base,tabindex:-1)
2025-07-26 08:51:33,700 [INFO] PluginManage:310 - Check plugin updater
2025-07-26 08:51:33,722 [INFO] PluginManage:359 - Loaded plugin updater (category:base,tabindex:12)
2025-07-26 08:51:33,722 [INFO] PluginManage:310 - Check plugin userauth
2025-07-26 08:51:33,726 [INFO] UserAuth:118 - Init User Auth plugin
2025-07-26 08:51:33,728 [INFO] PluginManage:359 - Loaded plugin userauth (category:base,tabindex:14)
2025-07-26 08:51:33,729 [INFO] PluginManage:283 - PluginManage : Loaded plugins [18]
2025-07-26 08:51:33,980 [INFO] PinOutPanel:1589 - setPackage(No Configuration,No Configuration)
2025-07-26 08:51:34,114 [INFO] CADModel:165 - CPN selected for project level
2025-07-26 08:51:34,114 [INFO] CADModel:114 - Register for checkConnection events
2025-07-26 08:51:34,134 [INFO] IPUIPlugin:80 - create IPUIPlugin
2025-07-26 08:51:34,134 [INFO] PluginManager:220 - loadIPPluginJar : add adc
2025-07-26 08:51:34,139 [INFO] IPUIPlugin:80 - create IPUIPlugin
2025-07-26 08:51:34,140 [INFO] PluginManager:220 - loadIPPluginJar : add aes
2025-07-26 08:51:34,145 [INFO] IPUIPlugin:80 - create IPUIPlugin
2025-07-26 08:51:34,145 [INFO] PluginManager:220 - loadIPPluginJar : add can
2025-07-26 08:51:34,148 [INFO] IPUIPlugin:80 - create IPUIPlugin
2025-07-26 08:51:34,148 [INFO] PluginManager:220 - loadIPPluginJar : add comp
2025-07-26 08:51:34,152 [INFO] IPUIPlugin:80 - create IPUIPlugin
2025-07-26 08:51:34,153 [INFO] PluginManager:220 - loadIPPluginJar : add cryp
2025-07-26 08:51:34,157 [INFO] IPUIPlugin:80 - create IPUIPlugin
2025-07-26 08:51:34,157 [INFO] PluginManager:220 - loadIPPluginJar : add ddr_ctrl_phy
2025-07-26 08:51:34,160 [INFO] IPUIPlugin:80 - create IPUIPlugin
2025-07-26 08:51:34,160 [INFO] PluginManager:220 - loadIPPluginJar : add dfsdm
2025-07-26 08:51:34,167 [INFO] IPUIPlugin:80 - create IPUIPlugin
2025-07-26 08:51:34,167 [INFO] PluginManager:220 - loadIPPluginJar : add dma
2025-07-26 08:51:34,170 [INFO] IPUIPlugin:80 - create IPUIPlugin
2025-07-26 08:51:34,170 [INFO] PluginManager:220 - loadIPPluginJar : add dma3
2025-07-26 08:51:34,173 [INFO] IPUIPlugin:80 - create IPUIPlugin
2025-07-26 08:51:34,173 [INFO] PluginManager:220 - loadIPPluginJar : add extmemmanager
2025-07-26 08:51:34,175 [INFO] IPUIPlugin:80 - create IPUIPlugin
2025-07-26 08:51:34,175 [INFO] PluginManager:220 - loadIPPluginJar : add fatfs
2025-07-26 08:51:34,179 [INFO] IPUIPlugin:80 - create IPUIPlugin
2025-07-26 08:51:34,180 [INFO] PluginManager:220 - loadIPPluginJar : add fmc
2025-07-26 08:51:34,185 [INFO] IPUIPlugin:80 - create IPUIPlugin
2025-07-26 08:51:34,185 [INFO] PluginManager:220 - loadIPPluginJar : add freertos
2025-07-26 08:51:34,186 [INFO] IPUIPlugin:80 - create IPUIPlugin
2025-07-26 08:51:34,186 [INFO] PluginManager:220 - loadIPPluginJar : add genericplugin
2025-07-26 08:51:34,188 [INFO] IPUIPlugin:80 - create IPUIPlugin
2025-07-26 08:51:34,188 [INFO] PluginManager:220 - loadIPPluginJar : add gfxmmu
2025-07-26 08:51:34,192 [INFO] IPUIPlugin:80 - create IPUIPlugin
2025-07-26 08:51:34,192 [INFO] PluginManager:220 - loadIPPluginJar : add gic
2025-07-26 08:51:34,196 [INFO] IPUIPlugin:80 - create IPUIPlugin
2025-07-26 08:51:34,196 [INFO] PluginManager:220 - loadIPPluginJar : add gpio
2025-07-26 08:51:34,198 [INFO] IPUIPlugin:80 - create IPUIPlugin
2025-07-26 08:51:34,198 [INFO] PluginManager:220 - loadIPPluginJar : add gtzc
2025-07-26 08:51:34,200 [INFO] IPUIPlugin:80 - create IPUIPlugin
2025-07-26 08:51:34,200 [INFO] PluginManager:220 - loadIPPluginJar : add hash
2025-07-26 08:51:34,202 [INFO] IPUIPlugin:80 - create IPUIPlugin
2025-07-26 08:51:34,202 [INFO] PluginManager:220 - loadIPPluginJar : add i2c
2025-07-26 08:51:34,204 [INFO] IPUIPlugin:80 - create IPUIPlugin
2025-07-26 08:51:34,204 [INFO] PluginManager:220 - loadIPPluginJar : add i2s
2025-07-26 08:51:34,206 [INFO] IPUIPlugin:80 - create IPUIPlugin
2025-07-26 08:51:34,206 [INFO] PluginManager:220 - loadIPPluginJar : add i3c
2025-07-26 08:51:34,210 [INFO] IPUIPlugin:80 - create IPUIPlugin
2025-07-26 08:51:34,210 [INFO] PluginManager:220 - loadIPPluginJar : add ipddr
2025-07-26 08:51:34,218 [INFO] IPUIPlugin:80 - create IPUIPlugin
2025-07-26 08:51:34,218 [INFO] PluginManager:220 - loadIPPluginJar : add linkedlist
2025-07-26 08:51:34,221 [INFO] IPUIPlugin:80 - create IPUIPlugin
2025-07-26 08:51:34,221 [INFO] PluginManager:220 - loadIPPluginJar : add lorawan
2025-07-26 08:51:34,223 [INFO] IPUIPlugin:80 - create IPUIPlugin
2025-07-26 08:51:34,223 [INFO] PluginManager:220 - loadIPPluginJar : add ltdc
2025-07-26 08:51:34,227 [INFO] IPUIPlugin:80 - create IPUIPlugin
2025-07-26 08:51:34,227 [INFO] PluginManager:220 - loadIPPluginJar : add mdma
2025-07-26 08:51:34,230 [INFO] IPUIPlugin:80 - create IPUIPlugin
2025-07-26 08:51:34,230 [INFO] PluginManager:220 - loadIPPluginJar : add nvic
2025-07-26 08:51:34,236 [INFO] IPUIPlugin:80 - create IPUIPlugin
2025-07-26 08:51:34,236 [INFO] PluginManager:220 - loadIPPluginJar : add opamp
2025-07-26 08:51:34,239 [INFO] IPUIPlugin:80 - create IPUIPlugin
2025-07-26 08:51:34,240 [INFO] PluginManager:220 - loadIPPluginJar : add openamp
2025-07-26 08:51:34,244 [INFO] IPUIPlugin:80 - create IPUIPlugin
2025-07-26 08:51:34,244 [INFO] PluginManager:220 - loadIPPluginJar : add pdm2pcm
2025-07-26 08:51:34,250 [INFO] IPUIPlugin:80 - create IPUIPlugin
2025-07-26 08:51:34,253 [INFO] PluginManager:220 - loadIPPluginJar : add plateformsettings
2025-07-26 08:51:34,254 [INFO] IPUIPlugin:80 - create IPUIPlugin
2025-07-26 08:51:34,255 [INFO] PluginManager:220 - loadIPPluginJar : add quadspi
2025-07-26 08:51:34,257 [INFO] IPUIPlugin:80 - create IPUIPlugin
2025-07-26 08:51:34,257 [INFO] PluginManager:220 - loadIPPluginJar : add radio
2025-07-26 08:51:34,262 [INFO] IPUIPlugin:80 - create IPUIPlugin
2025-07-26 08:51:34,262 [INFO] PluginManager:220 - loadIPPluginJar : add resmgrutility
2025-07-26 08:51:34,264 [INFO] IPUIPlugin:80 - create IPUIPlugin
2025-07-26 08:51:34,264 [INFO] PluginManager:220 - loadIPPluginJar : add sai
2025-07-26 08:51:34,266 [INFO] IPUIPlugin:80 - create IPUIPlugin
2025-07-26 08:51:34,266 [INFO] PluginManager:220 - loadIPPluginJar : add spi
2025-07-26 08:51:34,271 [INFO] IPUIPlugin:80 - create IPUIPlugin
2025-07-26 08:51:34,271 [INFO] PluginManager:220 - loadIPPluginJar : add stm32_wpan
2025-07-26 08:51:34,273 [INFO] IPUIPlugin:80 - create IPUIPlugin
2025-07-26 08:51:34,273 [INFO] PluginManager:220 - loadIPPluginJar : add tim
2025-07-26 08:51:34,276 [INFO] IPUIPlugin:80 - create IPUIPlugin
2025-07-26 08:51:34,277 [INFO] PluginManager:220 - loadIPPluginJar : add touchsensing
2025-07-26 08:51:34,279 [INFO] IPUIPlugin:80 - create IPUIPlugin
2025-07-26 08:51:34,279 [INFO] PluginManager:220 - loadIPPluginJar : add tracer_emb
2025-07-26 08:51:34,281 [INFO] IPUIPlugin:80 - create IPUIPlugin
2025-07-26 08:51:34,281 [INFO] PluginManager:220 - loadIPPluginJar : add ts
2025-07-26 08:51:34,282 [INFO] IPUIPlugin:80 - create IPUIPlugin
2025-07-26 08:51:34,283 [INFO] PluginManager:220 - loadIPPluginJar : add tsc
2025-07-26 08:51:34,285 [INFO] IPUIPlugin:80 - create IPUIPlugin
2025-07-26 08:51:34,285 [INFO] PluginManager:220 - loadIPPluginJar : add ucpd
2025-07-26 08:51:34,288 [INFO] IPUIPlugin:80 - create IPUIPlugin
2025-07-26 08:51:34,288 [INFO] PluginManager:220 - loadIPPluginJar : add usart
2025-07-26 08:51:34,292 [INFO] IPUIPlugin:80 - create IPUIPlugin
2025-07-26 08:51:34,292 [INFO] PluginManager:220 - loadIPPluginJar : add usbx
2025-07-26 08:51:34,453 [FATAL] Updater:351 - Updater called before beeing initialized
2025-07-26 08:51:34,484 [INFO] RulesReader:64 - Compatibility file has been processed (317 Rules)
2025-07-26 08:51:34,497 [INFO] RulesReader:64 - Compatibility file has been processed (317 Rules)
2025-07-26 08:51:34,506 [INFO] CADModel:165 - CPN selected for project level
2025-07-26 08:51:34,507 [INFO] CADModel:114 - Register for checkConnection events
2025-07-26 08:51:34,507 [FATAL] Updater:351 - Updater called before beeing initialized
2025-07-26 08:51:34,507 [ERROR] CADModel:125 - Updater not yet initialized, retry later 
2025-07-26 08:51:34,664 [FATAL] Updater:351 - Updater called before beeing initialized
2025-07-26 08:51:34,667 [INFO] CADModel:165 - CPN selected for project level
2025-07-26 08:51:34,667 [INFO] CADModel:114 - Register for checkConnection events
2025-07-26 08:51:34,667 [FATAL] Updater:351 - Updater called before beeing initialized
2025-07-26 08:51:34,667 [ERROR] CADModel:125 - Updater not yet initialized, retry later 
2025-07-26 08:51:34,671 [FATAL] Updater:351 - Updater called before beeing initialized
2025-07-26 08:51:34,792 [FATAL] Updater:351 - Updater called before beeing initialized
2025-07-26 08:51:34,795 [INFO] DbMcusAds:53 - JSON generation date=Tue Jul 08 13:44:23 IST 2025 (1751962463582)
2025-07-26 08:51:34,796 [FATAL] Updater:351 - Updater called before beeing initialized
2025-07-26 08:51:34,830 [WARN] DetailPanel:346 - Failed to get advertising image, set to default
2025-07-26 08:51:34,917 [FATAL] Updater:351 - Updater called before beeing initialized
2025-07-26 08:51:34,919 [FATAL] Updater:351 - Updater called before beeing initialized
2025-07-26 08:51:34,919 [FATAL] Updater:351 - Updater called before beeing initialized
2025-07-26 08:51:34,919 [WARN] DetailPanel:346 - Failed to get advertising image, set to default
2025-07-26 08:51:34,921 [FATAL] Updater:351 - Updater called before beeing initialized
2025-07-26 08:51:34,978 [ERROR] Updater:1198 - MainUpdater not yet initialized. External WinMGr cannot be set.
2025-07-26 08:51:34,981 [INFO] Updater:1134 - Updater Version found : 6.15.0
2025-07-26 08:51:35,002 [INFO] ApplicationProperties:184 - Using Application install path: D:\STM32CubeIDE_1.19.0\STM32CubeIDE\plugins\com.st.stm32cube.common.mx_6.15.0.202507011659
2025-07-26 08:51:36,424 [INFO] ThirdPartyUpdaterWithRetryManager:70 - Updater plugin not ready yet. [2/15]
2025-07-26 08:51:36,591 [ERROR] LogOutputStream:75 - [STDERR_REDIRECT] Jul 26, 2025 8:51:36 AM java.util.prefs.WindowsPreferences <init>
2025-07-26 08:51:36,594 [ERROR] LogOutputStream:75 - [STDERR_REDIRECT] WARNING: Could not open/create prefs root node Software\JavaSoft\Prefs at root 0xffffffff80000002. Windows RegCreateKeyEx(...) returned error code 5.
2025-07-26 08:51:36,594 [ERROR] LogOutputStream:75 - [STDERR_REDIRECT] 
2025-07-26 08:51:36,912 [INFO] MainUpdater:2872 - connection check result : 10
2025-07-26 08:51:36,913 [INFO] MainUpdater:3604 - Updater definition file requires update
2025-07-26 08:51:36,914 [INFO] MainUpdater:289 - Updater Check For Update Now.
2025-07-26 08:51:36,914 [INFO] MicroXplorer:498 - Change Database Version : DB.6.0.150
2025-07-26 08:51:36,922 [INFO] McuFinderGlobals:63 - Set McuFinder mode to 2 (CubeIDE integrated)
2025-07-26 08:51:36,923 [INFO] UserAuth:171 - activating auth plugin
2025-07-26 08:51:36,927 [INFO] UserAuth:487 - Internet connection configuration mode: 1
2025-07-26 08:51:36,956 [INFO] ServerAccessManage:452 - Complete download http(s) 200
2025-07-26 08:51:36,957 [INFO] JxBrowserEngine:152 - Initiate JxBrowser Engine with user profile folder
2025-07-26 08:51:36,957 [INFO] ServerAccessManage:509 - Download File updaters.zip
2025-07-26 08:51:37,120 [INFO] FileExtend:248 - Unzip File : updaters.zip
2025-07-26 08:51:37,120 [INFO] FileExtend:263 - Standard Zip Deflate
2025-07-26 08:51:38,252 [INFO] WebApp:169 - Instantiating new browser for Auth
2025-07-26 08:51:39,163 [INFO] WebApp:463 - Apply proxy settings
2025-07-26 08:51:39,164 [INFO] WebApp:548 - Chromium requires no authentication
2025-07-26 08:51:39,178 [INFO] WebApp:491 - Direct internet connection detected
2025-07-26 08:51:39,217 [INFO] WebApp:900 - Register for checkConnection events
2025-07-26 08:51:39,218 [INFO] WebApp:463 - Apply proxy settings
2025-07-26 08:51:39,218 [INFO] WebApp:548 - Chromium requires no authentication
2025-07-26 08:51:39,218 [INFO] WebApp:491 - Direct internet connection detected
2025-07-26 08:51:39,414 [INFO] WebApp:191 - Connection restablished
2025-07-26 08:51:39,425 [WARN] MainUpdater:1193 - Updater busy. Cannot search thirdparties
2025-07-26 08:51:39,426 [INFO] ThirdPartyUpdaterWithRetryManager:96 - Updater plugin is busy. [1/15]
2025-07-26 08:51:39,466 [INFO] WebApp:225 - Starting web application
2025-07-26 08:51:39,466 [INFO] WebApp:593 - Web application path used D:\STM32CubeIDE_1.19.0\STM32CubeIDE\plugins\com.st.stm32cube.common.mx_6.15.0.202507011659\db\plugins\mcufinder\reactClient1\index.html
2025-07-26 08:51:42,427 [WARN] MainUpdater:1193 - Updater busy. Cannot search thirdparties
2025-07-26 08:51:42,427 [INFO] ThirdPartyUpdaterWithRetryManager:96 - Updater plugin is busy. [2/15]
2025-07-26 08:51:45,434 [WARN] MainUpdater:1193 - Updater busy. Cannot search thirdparties
2025-07-26 08:51:45,435 [INFO] ThirdPartyUpdaterWithRetryManager:96 - Updater plugin is busy. [3/15]
2025-07-26 08:51:46,007 [INFO] ServerAccessManage:452 - Complete download http(s) 200
2025-07-26 08:51:46,008 [INFO] ServerAccessManage:509 - Download File PacksControlFlags.xml
2025-07-26 08:51:46,102 [INFO] ServerAccessManage:452 - Complete download http(s) 200
2025-07-26 08:51:46,103 [INFO] ServerAccessManage:509 - Download File cubemx.pidx
2025-07-26 08:51:46,315 [INFO] LoadServerUpdatesThread:375 - End of LoadServerUpdate Thread
2025-07-26 08:51:46,502 [INFO] CheckServerUpdateThread:120 - End of CheckServer Thread
2025-07-26 08:51:48,804 [WARN] PackLoader:240 - Cannot read IP mode file for STMicroelectronics.FP-SNS-MOTENVWB1.1.4.0
2025-07-26 08:51:48,820 [WARN] PackLoader:240 - Cannot read IP mode file for STMicroelectronics.FP-ATR-ASTRA1.2.0.2
2025-07-26 08:51:48,826 [WARN] PackLoader:240 - Cannot read IP mode file for STMicroelectronics.FP-ATR-ASTRA1.2.0.1
2025-07-26 08:51:48,834 [WARN] PackLoader:240 - Cannot read IP mode file for STMicroelectronics.X-CUBE-SMBUS.2.1.0
2025-07-26 08:51:48,846 [WARN] PackLoader:240 - Cannot read IP mode file for STMicroelectronics.X-CUBE-WB05N.1.1.0
2025-07-26 08:51:48,854 [WARN] PackLoader:240 - Cannot read IP mode file for STMicroelectronics.X-CUBE-ST60.1.0.0
2025-07-26 08:51:48,884 [WARN] PackLoader:240 - Cannot read IP mode file for STMicroelectronics.X-CUBE-AZRTOS-F7.1.1.0
2025-07-26 08:51:48,960 [WARN] PackLoader:240 - Cannot read IP mode file for STMicroelectronics.X-CUBE-MEMS1.11.0.0
2025-07-26 08:51:49,109 [WARN] PackLoader:240 - Cannot read IP mode file for STMicroelectronics.FP-SNS-FLIGHT1.5.0.2
2025-07-26 08:51:49,135 [WARN] PackLoader:240 - Cannot read IP mode file for STMicroelectronics.X-CUBE-AZRTOS-H7.3.4.0
2025-07-26 08:51:49,148 [WARN] PackLoader:240 - Cannot read IP mode file for STMicroelectronics.X-CUBE-DISPLAY.3.0.0
2025-07-26 08:51:49,159 [WARN] PackLoader:240 - Cannot read IP mode file for STMicroelectronics.X-CUBE-BLE1.7.0.0
2025-07-26 08:51:49,169 [WARN] PackLoader:240 - Cannot read IP mode file for STMicroelectronics.X-CUBE-NFC10.1.0.0
2025-07-26 08:51:49,180 [WARN] PackLoader:240 - Cannot read IP mode file for STMicroelectronics.X-CUBE-BLEMGR.4.0.0
2025-07-26 08:51:49,190 [WARN] PackLoader:240 - Cannot read IP mode file for emotas.I-CUBE-CANOPEN.1.3.0
2025-07-26 08:51:49,201 [WARN] PackLoader:240 - Cannot read IP mode file for STMicroelectronics.X-CUBE-BLEMGR.3.1.0
2025-07-26 08:51:49,208 [WARN] PackLoader:240 - Cannot read IP mode file for STMicroelectronics.X-CUBE-AI.10.0.0
2025-07-26 08:51:49,213 [WARN] PackLoader:240 - Cannot read IP mode file for STMicroelectronics.FP-SNS-SMARTAG2.1.2.0
2025-07-26 08:51:49,219 [WARN] PackLoader:240 - Cannot read IP mode file for STMicroelectronics.FP-SNS-FLIGHT1.5.1.0
2025-07-26 08:51:49,266 [WARN] PackLoader:240 - Cannot read IP mode file for STMicroelectronics.X-CUBE-MEMS1.11.1.0
2025-07-26 08:51:49,389 [INFO] LogOutputStream:77 - [STDOUT_REDIRECT] 1 : Invalid condition id : UX_CORESTACK_Condition cause : null
2025-07-26 08:51:49,390 [INFO] LogOutputStream:77 - [STDOUT_REDIRECT] 1 : Invalid condition id : UX_CORESTACK_Condition cause : null
2025-07-26 08:51:49,392 [INFO] LogOutputStream:77 - [STDOUT_REDIRECT] 1 : Invalid condition id : UX_CORESTACK_Condition cause : null
2025-07-26 08:51:49,393 [INFO] LogOutputStream:77 - [STDOUT_REDIRECT] 1 : Invalid condition id : UX_CORESTACK_Condition cause : null
2025-07-26 08:51:49,395 [INFO] LogOutputStream:77 - [STDOUT_REDIRECT] 1 : Invalid condition id : UX_CORESTACK_Condition cause : null
2025-07-26 08:51:49,400 [WARN] PackLoader:240 - Cannot read IP mode file for STMicroelectronics.X-CUBE-AZRTOS-WL.2.0.0
2025-07-26 08:51:49,406 [WARN] PackLoader:240 - Cannot read IP mode file for STMicroelectronics.FP-SNS-MOTENV1.5.0.0
2025-07-26 08:51:49,412 [WARN] PackLoader:240 - Cannot read IP mode file for wolfSSL.I-CUBE-wolfMQTT.1.19.0
2025-07-26 08:51:49,420 [WARN] PackLoader:240 - Cannot read IP mode file for WES.I-CUBE-Cesium.1.3.0
2025-07-26 08:51:49,425 [WARN] PackLoader:240 - Cannot read IP mode file for STMicroelectronics.X-CUBE-BLE2.3.3.0
2025-07-26 08:51:49,432 [WARN] PackLoader:240 - Cannot read IP mode file for STMicroelectronics.X-CUBE-NFC9.1.0.0
2025-07-26 08:51:49,447 [WARN] PackLoader:240 - Cannot read IP mode file for STMicroelectronics.X-CUBE-BLE1.7.1.0
2025-07-26 08:51:49,454 [WARN] PackLoader:240 - Cannot read IP mode file for STMicroelectronics.X-CUBE-TCPP.4.1.0
2025-07-26 08:51:49,462 [WARN] PackLoader:240 - Cannot read IP mode file for STMicroelectronics.X-CUBE-EEPRMA1.5.2.0
2025-07-26 08:51:49,469 [WARN] PackLoader:240 - Cannot read IP mode file for STMicroelectronics.X-CUBE-AI.10.1.0
2025-07-26 08:51:49,488 [WARN] PackLoader:240 - Cannot read IP mode file for STMicroelectronics.X-CUBE-AZRTOS-G0.1.1.0
2025-07-26 08:51:49,495 [WARN] PackLoader:240 - Cannot read IP mode file for STMicroelectronics.X-CUBE-SAFEA1.1.2.2
2025-07-26 08:51:49,502 [WARN] PackLoader:240 - Cannot read IP mode file for STMicroelectronics.X-CUBE-NFC4.3.0.0
2025-07-26 08:51:49,513 [WARN] PackLoader:240 - Cannot read IP mode file for EmbeddedOffice.I-CUBE-FS-RTOS.1.0.1
2025-07-26 08:51:49,519 [WARN] PackLoader:240 - Cannot read IP mode file for STMicroelectronics.X-CUBE-WB05N.2.0.0
2025-07-26 08:51:49,525 [WARN] PackLoader:240 - Cannot read IP mode file for STMicroelectronics.X-CUBE-TCPP.4.2.0
2025-07-26 08:51:49,533 [WARN] PackLoader:240 - Cannot read IP mode file for RealThread.X-CUBE-RT-Thread_Nano.4.1.1
2025-07-26 08:51:49,538 [WARN] PackLoader:240 - Cannot read IP mode file for STMicroelectronics.FP-ATR-SIGFOX1.3.2.0
2025-07-26 08:51:49,544 [WARN] ConditionMgr:438 - getConditionDescription Invalid condition id : Cortex-A Device cause : null
2025-07-26 08:51:49,559 [WARN] ConditionMgr:1044 - genDependencies : Invalid condition id : Cortex-A Device cause : null
2025-07-26 08:51:49,559 [WARN] ConditionMgr:1044 - genDependencies : Invalid condition id : Cortex-A Device cause : null
2025-07-26 08:51:49,559 [WARN] ConditionMgr:1044 - genDependencies : Invalid condition id : Cortex-A Device cause : null
2025-07-26 08:51:49,567 [WARN] PackLoader:240 - Cannot read IP mode file for STMicroelectronics.X-CUBE-EEPRMA1.5.1.0
2025-07-26 08:51:49,573 [WARN] PackLoader:240 - Cannot read IP mode file for wolfSSL.I-CUBE-wolfSSL.5.7.4
2025-07-26 08:51:49,579 [WARN] PackLoader:240 - Cannot read IP mode file for ITTIA_DB.I-CUBE-ITTIADB.8.9.0
2025-07-26 08:51:49,587 [WARN] PackLoader:240 - Cannot read IP mode file for STMicroelectronics.X-CUBE-ST67W61.1.0.0
2025-07-26 08:51:49,613 [WARN] PackLoader:240 - Cannot read IP mode file for SEGGER.I-CUBE-embOS.1.3.1
2025-07-26 08:51:49,648 [WARN] PackLoader:240 - Cannot read IP mode file for STMicroelectronics.X-CUBE-ALGOBUILD.1.4.0
2025-07-26 08:51:49,689 [WARN] PackLoader:240 - Cannot read IP mode file for STMicroelectronics.X-CUBE-MEMS1.11.3.0
2025-07-26 08:51:49,780 [WARN] PackLoader:240 - Cannot read IP mode file for STMicroelectronics.X-CUBE-AI.9.1.0
2025-07-26 08:51:49,787 [WARN] PackLoader:240 - Cannot read IP mode file for STMicroelectronics.X-CUBE-PM33A1.1.0.0
2025-07-26 08:51:49,803 [WARN] PackLoader:240 - Cannot read IP mode file for STMicroelectronics.X-CUBE-AZRTOS-F4.1.1.0
2025-07-26 08:51:49,809 [WARN] PackLoader:240 - Cannot read IP mode file for Avnet-IotConnect.X-CUBE-IoTC-DA16k-PMOD.1.0.0
2025-07-26 08:51:49,814 [WARN] PackLoader:240 - Cannot read IP mode file for STMicroelectronics.X-CUBE-ISPU.2.1.0
2025-07-26 08:51:49,819 [WARN] PackLoader:240 - Cannot read IP mode file for STMicroelectronics.X-CUBE-FREERTOS.1.2.0
2025-07-26 08:51:49,826 [WARN] PackLoader:240 - Cannot read IP mode file for STMicroelectronics.X-CUBE-NFC12.1.0.0
2025-07-26 08:51:49,841 [WARN] PackLoader:240 - Cannot read IP mode file for STMicroelectronics.X-CUBE-AZRTOS-L5.2.0.0
2025-07-26 08:51:49,851 [WARN] PackLoader:240 - Cannot read IP mode file for STMicroelectronics.X-CUBE-NFC6.3.1.0
2025-07-26 08:51:49,858 [WARN] PackLoader:240 - Cannot read IP mode file for STMicroelectronics.X-CUBE-DPower.1.2.0
2025-07-26 08:51:49,863 [WARN] PackLoader:240 - Cannot read IP mode file for STMicroelectronics.X-CUBE-FREERTOS.1.3.1
2025-07-26 08:51:49,868 [WARN] PackLoader:240 - Cannot read IP mode file for STMicroelectronics.X-CUBE-FREERTOS.1.3.0
2025-07-26 08:51:49,873 [WARN] PackLoader:240 - Cannot read IP mode file for STMicroelectronics.X-CUBE-NFC7.1.0.1
2025-07-26 08:51:49,879 [WARN] PackLoader:240 - Cannot read IP mode file for STMicroelectronics.FP-SNS-STAIOTCFT.1.0.0
2025-07-26 08:51:49,886 [WARN] PackLoader:240 - Cannot read IP mode file for STMicroelectronics.X-CUBE-DPower.1.3.0
2025-07-26 08:51:49,901 [WARN] ConditionMgr:438 - getConditionDescription Invalid condition id : LAN8742 Phy interface Condition cause : null
2025-07-26 08:51:49,902 [WARN] PackLoader:240 - Cannot read IP mode file for STMicroelectronics.X-CUBE-AZRTOS-L4.2.0.0
2025-07-26 08:51:49,903 [WARN] ConditionMgr:1044 - genDependencies : Invalid condition id : LAN8742 Phy interface Condition cause : null
2025-07-26 08:51:49,904 [WARN] ConditionMgr:1044 - genDependencies : Invalid condition id : LAN8742 Phy interface Condition cause : null
2025-07-26 08:51:49,904 [WARN] ConditionMgr:1044 - genDependencies : Invalid condition id : LAN8742 Phy interface Condition cause : null
2025-07-26 08:51:49,911 [WARN] PackLoader:240 - Cannot read IP mode file for STMicroelectronics.X-CUBE-SFXS2LP1.4.0.0
2025-07-26 08:51:49,929 [WARN] PackLoader:240 - Cannot read IP mode file for STMicroelectronics.X-CUBE-AZRTOS-H7.3.3.0
2025-07-26 08:51:49,943 [WARN] PackLoader:240 - Cannot read IP mode file for STMicroelectronics.X-CUBE-BLEMGR.4.1.0
2025-07-26 08:51:49,955 [WARN] PackLoader:240 - Cannot read IP mode file for STMicroelectronics.X-CUBE-IPS.3.0.0
2025-07-26 08:51:49,969 [WARN] ConditionMgr:438 - getConditionDescription Invalid condition id : UX DEVICE CLASS RTOS Condition cause : null
2025-07-26 08:51:49,969 [WARN] ConditionMgr:438 - getConditionDescription Invalid condition id : UX DEVICE CLASS RTOS Condition cause : null
2025-07-26 08:51:49,971 [WARN] PackLoader:240 - Cannot read IP mode file for STMicroelectronics.X-CUBE-AZRTOS-WB.2.0.0
2025-07-26 08:51:49,971 [WARN] ConditionMgr:1044 - genDependencies : Invalid condition id : UX DEVICE CLASS RTOS Condition cause : null
2025-07-26 08:51:49,971 [WARN] ConditionMgr:1044 - genDependencies : Invalid condition id : UX DEVICE CLASS RTOS Condition cause : null
2025-07-26 08:51:49,971 [WARN] ConditionMgr:1044 - genDependencies : Invalid condition id : UX DEVICE CLASS RTOS Condition cause : null
2025-07-26 08:51:49,971 [WARN] ConditionMgr:1044 - genDependencies : Invalid condition id : UX DEVICE CLASS RTOS Condition cause : null
2025-07-26 08:51:49,972 [WARN] ConditionMgr:1044 - genDependencies : Invalid condition id : UX DEVICE CLASS RTOS Condition cause : null
2025-07-26 08:51:49,977 [WARN] PackLoader:240 - Cannot read IP mode file for STMicroelectronics.X-CUBE-GNSS1.7.0.0
2025-07-26 08:51:49,983 [WARN] PackLoader:240 - Cannot read IP mode file for STMicroelectronics.X-CUBE-GNSS1.7.0.1
2025-07-26 08:51:49,989 [WARN] PackLoader:240 - Cannot read IP mode file for STMicroelectronics.X-CUBE-TOUCHGFX.4.25.0
2025-07-26 08:51:49,996 [WARN] PackLoader:240 - Cannot read IP mode file for STMicroelectronics.FP-SNS-STBOX1.2.0.0
2025-07-26 08:51:50,008 [WARN] PackLoader:240 - Cannot read IP mode file for STMicroelectronics.X-CUBE-SUBG2.5.0.0
2025-07-26 08:51:50,037 [WARN] PackLoader:240 - Cannot read IP mode file for STMicroelectronics.X-CUBE-AZRTOS-H7RS.1.1.0
2025-07-26 08:51:50,044 [WARN] PackLoader:240 - Cannot read IP mode file for Cesanta.I-CUBE-Mongoose.7.13.0
2025-07-26 08:51:50,056 [WARN] PackLoader:240 - Cannot read IP mode file for STMicroelectronics.X-CUBE-AZRTOS-G4.2.0.0
2025-07-26 08:51:50,061 [WARN] PackLoader:240 - Cannot read IP mode file for STMicroelectronics.X-CUBE-NFC7.2.0.0
2025-07-26 08:51:50,071 [WARN] PackLoader:240 - Cannot read IP mode file for STMicroelectronics.X-CUBE-IPS.3.1.0
2025-07-26 08:51:50,082 [WARN] PackLoader:240 - Cannot read IP mode file for STMicroelectronics.X-CUBE-ALS.1.0.2
2025-07-26 08:51:50,087 [WARN] PackLoader:240 - Cannot read IP mode file for STMicroelectronics.X-CUBE-TOUCHGFX.4.24.1
2025-07-26 08:51:50,091 [WARN] PackLoader:240 - Cannot read IP mode file for wolfSSL.I-CUBE-wolfTPM.3.4.0
2025-07-26 08:51:50,097 [WARN] PackLoader:240 - Cannot read IP mode file for portGmbH.I-Cube-SoM-uGOAL.1.1.0
2025-07-26 08:51:50,107 [WARN] PackLoader:240 - Cannot read IP mode file for STMicroelectronics.X-CUBE-AZRTOS-H7RS.1.0.0
2025-07-26 08:51:50,111 [WARN] PackLoader:240 - Cannot read IP mode file for STMicroelectronics.FP-ATR-ASTRA1.2.0.0
2025-07-26 08:51:50,120 [WARN] PackLoader:240 - Cannot read IP mode file for STMicroelectronics.X-CUBE-TOF1.3.4.2
2025-07-26 08:51:50,133 [WARN] PackLoader:240 - Cannot read IP mode file for STMicroelectronics.X-CUBE-TOF1.3.4.3
2025-07-26 08:51:50,150 [WARN] PackLoader:240 - Cannot read IP mode file for Infineon.AIROC-Wi-Fi-Bluetooth-STM32.1.6.1
2025-07-26 08:51:50,158 [WARN] PackLoader:240 - Cannot read IP mode file for wolfSSL.I-CUBE-wolfSSH.1.4.17
2025-07-26 08:51:50,159 [INFO] ThirdParty:978 - Integrity check success = true
2025-07-26 08:51:50,159 [INFO] IntegrityCheckThread:100 - exiting critical section [integrity check]
2025-07-26 08:51:50,159 [INFO] IntegrityCheckThread:103 - End integrity checks thread
2025-07-26 09:09:13,244 [ERROR] LogOutputStream:75 - [STDERR_REDIRECT] 
2025-07-26 09:09:13,246 [ERROR] LogOutputStream:75 - [STDERR_REDIRECT] 
