2025-07-23 02:32:12,034 [INFO] Activator:176 - 


2025-07-23 02:32:12,052 [INFO] Activator:177 - !SESSION log4j initialized
2025-07-23 02:32:20,121 [INFO] LogOutputStream:77 - [STDOUT_REDIRECT] 
2025-07-23 02:32:21,754 [INFO] ApplicationProperties:184 - Using Application install path: D:\STM32CubeIDE_1.19.0\STM32CubeIDE\plugins\com.st.stm32cube.common.mx_6.15.0.202507011659
2025-07-23 02:32:21,785 [INFO] DbMcusXml:78 - Set database path to: D:\STM32CubeIDE_1.19.0\STM32CubeIDE\plugins\com.st.stm32cube.common.mx_6.15.0.202507011659\\db\/mcu/
2025-07-23 02:32:21,785 [INFO] ApiDb:274 - Set plugin database path to: D:\STM32CubeIDE_1.19.0\STM32CubeIDE\plugins\com.st.stm32cube.common.mx_6.15.0.202507011659\\db\/plugins/boardmanager/
2025-07-23 02:32:21,786 [WARN] ApiDb:259 - Overriding images path with different value:  => D:\STM32CubeIDE_1.19.0\STM32CubeIDE\plugins\com.st.stm32cube.common.mx_6.15.0.202507011659\\db\/plugins/mcufinder/images/
2025-07-23 02:32:21,799 [INFO] ApiDb:250 - Set database path to: C:\Users\DELL\.stmcufinder\plugins\mcufinder//mcu/
2025-07-23 02:32:21,802 [INFO] DbMcusAds:125 - Set database path to: C:\Users\DELL\.stmcufinder\plugins\mcufinder//mcu/
2025-07-23 02:32:21,806 [INFO] CrossReferenceDbSqlite:203 - Set database path to: C:\Users\DELL\.stmcufinder\plugins\mcufinder//mcu/cs/
2025-07-23 02:32:22,084 [INFO] RulesReader:64 - Compatibility file has been processed (317 Rules)
2025-07-23 02:32:22,340 [INFO] DbMcusXml:78 - Set database path to: D:\STM32CubeIDE_1.19.0\STM32CubeIDE\plugins\com.st.stm32cube.common.mx_6.15.0.202507011659\\db\/mcu/
2025-07-23 02:32:22,341 [INFO] ApiDb:274 - Set plugin database path to: D:\STM32CubeIDE_1.19.0\STM32CubeIDE\plugins\com.st.stm32cube.common.mx_6.15.0.202507011659\\db\/plugins/boardmanager/
2025-07-23 02:32:22,341 [INFO] ApiDb:261 - Set plugin images path to: D:\STM32CubeIDE_1.19.0\STM32CubeIDE\plugins\com.st.stm32cube.common.mx_6.15.0.202507011659\\db\/plugins/mcufinder/images/
2025-07-23 02:32:22,341 [WARN] DbFile:41 - Overriding database path with different value: C:\Users\DELL\.stmcufinder\plugins\mcufinder/ => C:\Users\DELL\.stmcufinder\plugins\mcufinder
2025-07-23 02:32:22,341 [INFO] ApiDb:250 - Set database path to: C:\Users\DELL\.stmcufinder\plugins\mcufinder//mcu/
2025-07-23 02:32:22,341 [WARN] DbFile:41 - Overriding database path with different value: C:\Users\DELL\.stmcufinder\plugins\mcufinder/ => C:\Users\DELL\.stmcufinder\plugins\mcufinder
2025-07-23 02:32:22,342 [INFO] DbMcusAds:125 - Set database path to: C:\Users\DELL\.stmcufinder\plugins\mcufinder//mcu/
2025-07-23 02:32:22,342 [WARN] DbFile:41 - Overriding database path with different value: C:\Users\DELL\.stmcufinder\plugins\mcufinder/ => C:\Users\DELL\.stmcufinder\plugins\mcufinder
2025-07-23 02:32:22,342 [WARN] DbFile:41 - Overriding database path with different value: C:\Users\DELL\.stmcufinder\plugins\mcufinder/ => C:\Users\DELL\.stmcufinder\plugins\mcufinder
2025-07-23 02:32:22,342 [INFO] CrossReferenceDbSqlite:203 - Set database path to: C:\Users\DELL\.stmcufinder\plugins\mcufinder//mcu/cs/
2025-07-23 02:32:22,690 [INFO] MainPanel:274 - HeapMemory: 268435456
2025-07-23 02:32:23,092 [INFO] DbMcusXml:78 - Set database path to: D:\STM32CubeIDE_1.19.0\STM32CubeIDE\plugins\com.st.stm32cube.common.mx_6.15.0.202507011659\\db\/mcu/
2025-07-23 02:32:23,092 [INFO] ApiDb:274 - Set plugin database path to: D:\STM32CubeIDE_1.19.0\STM32CubeIDE\plugins\com.st.stm32cube.common.mx_6.15.0.202507011659\\db\/plugins/boardmanager/
2025-07-23 02:32:23,092 [INFO] ApiDb:261 - Set plugin images path to: D:\STM32CubeIDE_1.19.0\STM32CubeIDE\plugins\com.st.stm32cube.common.mx_6.15.0.202507011659\\db\/plugins/mcufinder/images/
2025-07-23 02:32:23,093 [WARN] DbFile:41 - Overriding database path with different value: C:\Users\DELL\.stmcufinder\plugins\mcufinder/ => C:\Users\DELL\.stmcufinder\plugins\mcufinder
2025-07-23 02:32:23,093 [INFO] ApiDb:250 - Set database path to: C:\Users\DELL\.stmcufinder\plugins\mcufinder//mcu/
2025-07-23 02:32:23,093 [WARN] DbFile:41 - Overriding database path with different value: C:\Users\DELL\.stmcufinder\plugins\mcufinder/ => C:\Users\DELL\.stmcufinder\plugins\mcufinder
2025-07-23 02:32:23,094 [INFO] DbMcusAds:125 - Set database path to: C:\Users\DELL\.stmcufinder\plugins\mcufinder//mcu/
2025-07-23 02:32:23,094 [WARN] DbFile:41 - Overriding database path with different value: C:\Users\DELL\.stmcufinder\plugins\mcufinder/ => C:\Users\DELL\.stmcufinder\plugins\mcufinder
2025-07-23 02:32:23,094 [WARN] DbFile:41 - Overriding database path with different value: C:\Users\DELL\.stmcufinder\plugins\mcufinder/ => C:\Users\DELL\.stmcufinder\plugins\mcufinder
2025-07-23 02:32:23,094 [INFO] CrossReferenceDbSqlite:203 - Set database path to: C:\Users\DELL\.stmcufinder\plugins\mcufinder//mcu/cs/
2025-07-23 02:32:23,125 [INFO] ApplicationProperties:184 - Using Application install path: D:\STM32CubeIDE_1.19.0\STM32CubeIDE\plugins\com.st.stm32cube.common.mx_6.15.0.202507011659
2025-07-23 02:32:23,127 [INFO] PluginManage:196 - Search for loadable plugins [exclusion list=, ]
2025-07-23 02:32:23,129 [INFO] PluginManage:310 - Check plugin analytics
2025-07-23 02:32:23,426 [INFO] AnalyticsPlugin:253 - Accepted Software Licenses: STM32CubeMX.6.15.0
2025-07-23 02:32:23,427 [INFO] AnalyticsPlugin:255 - Accepted CMSIS Pack Licenses: 
2025-07-23 02:32:23,427 [INFO] AnalyticsPlugin:257 - Accepted Firmware Licenses: FW.F4.1.28.0
2025-07-23 02:32:23,431 [INFO] PluginManage:359 - Loaded plugin analytics (category:tool,tabindex:-1)
2025-07-23 02:32:23,431 [INFO] PluginManage:310 - Check plugin cadmodel
2025-07-23 02:32:23,438 [INFO] CADModel:105 - Init CAD model plugin
2025-07-23 02:32:23,439 [INFO] PluginManage:359 - Loaded plugin cadmodel (category:power,tabindex:5)
2025-07-23 02:32:23,439 [INFO] PluginManage:310 - Check plugin clock
2025-07-23 02:32:23,453 [INFO] PluginManage:359 - Loaded plugin clock (category:base,tabindex:2)
2025-07-23 02:32:23,454 [INFO] PluginManage:310 - Check plugin ddr
2025-07-23 02:32:23,457 [INFO] PluginManage:359 - Loaded plugin ddr (category:tool,tabindex:6)
2025-07-23 02:32:23,458 [INFO] PluginManage:310 - Check plugin filemanager
2025-07-23 02:32:23,724 [INFO] PluginManage:359 - Loaded plugin filemanager (category:base,tabindex:10)
2025-07-23 02:32:23,724 [INFO] PluginManage:310 - Check plugin ipmanager
2025-07-23 02:32:23,744 [INFO] PluginManage:359 - Loaded plugin ipmanager (category:base,tabindex:5)
2025-07-23 02:32:23,745 [INFO] PluginManage:310 - Check plugin lpbam
2025-07-23 02:32:23,758 [INFO] PluginManage:359 - Loaded plugin lpbam (category:base,tabindex:0)
2025-07-23 02:32:23,760 [INFO] PluginManage:310 - Check plugin memorymap
2025-07-23 02:32:23,790 [INFO] PluginManage:359 - Loaded plugin memorymap (category:base,tabindex:4)
2025-07-23 02:32:23,791 [INFO] PluginManage:310 - Check plugin pinoutandconfiguration
2025-07-23 02:32:23,811 [INFO] PluginManage:359 - Loaded plugin pinoutandconfiguration (category:base,tabindex:1)
2025-07-23 02:32:23,811 [INFO] PluginManage:310 - Check plugin pinoutconfig
2025-07-23 02:32:24,014 [WARN] SupportedApi:132 - Cannot load RTOS API schema: s4s-elt-must-match.1: The content of 'definitions' must match (annotation?, (simpleType | complexType)?, (unique | key | keyref)*)). A problem was found starting at: attribute.
2025-07-23 02:32:24,226 [INFO] PluginManage:359 - Loaded plugin pinoutconfig (category:base,tabindex:0)
2025-07-23 02:32:24,227 [INFO] PluginManage:310 - Check plugin power
2025-07-23 02:32:24,241 [INFO] PluginManage:359 - Loaded plugin power (category:power,tabindex:4)
2025-07-23 02:32:24,241 [INFO] PluginManage:310 - Check plugin projectmanager
2025-07-23 02:32:24,261 [INFO] PluginManage:359 - Loaded plugin projectmanager (category:projectmanager,tabindex:4)
2025-07-23 02:32:24,261 [INFO] PluginManage:310 - Check plugin rif
2025-07-23 02:32:24,276 [INFO] PluginManage:359 - Loaded plugin rif (category:base,tabindex:3)
2025-07-23 02:32:24,276 [INFO] PluginManage:310 - Check plugin thirdparty
2025-07-23 02:32:24,502 [INFO] PluginManage:359 - Loaded plugin thirdparty (category:base,tabindex:-1)
2025-07-23 02:32:24,502 [WARN] IntegrityCheckThread:84 - waiting for thirdparty lock release [integrity check]
2025-07-23 02:32:24,502 [INFO] IntegrityCheckThread:86 - entering critical section [integrity check]
2025-07-23 02:32:24,502 [INFO] PluginManage:310 - Check plugin tools
2025-07-23 02:32:24,502 [INFO] ThirdPartyUpdaterWithRetryManager:70 - Updater plugin not ready yet. [1/15]
2025-07-23 02:32:24,505 [INFO] PluginManage:359 - Loaded plugin tools (category:base,tabindex:7)
2025-07-23 02:32:24,506 [INFO] PluginManage:310 - Check plugin tutovideos
2025-07-23 02:32:24,868 [INFO] PluginManage:359 - Loaded plugin tutovideos (category:base,tabindex:-1)
2025-07-23 02:32:24,869 [INFO] PluginManage:310 - Check plugin updater
2025-07-23 02:32:24,898 [INFO] PluginManage:359 - Loaded plugin updater (category:base,tabindex:12)
2025-07-23 02:32:24,898 [INFO] PluginManage:310 - Check plugin userauth
2025-07-23 02:32:24,904 [INFO] UserAuth:118 - Init User Auth plugin
2025-07-23 02:32:24,905 [INFO] PluginManage:359 - Loaded plugin userauth (category:base,tabindex:14)
2025-07-23 02:32:24,906 [INFO] PluginManage:283 - PluginManage : Loaded plugins [18]
2025-07-23 02:32:25,322 [INFO] PinOutPanel:1589 - setPackage(No Configuration,No Configuration)
2025-07-23 02:32:25,505 [INFO] CADModel:165 - CPN selected for project level
2025-07-23 02:32:25,506 [INFO] CADModel:114 - Register for checkConnection events
2025-07-23 02:32:25,540 [INFO] IPUIPlugin:80 - create IPUIPlugin
2025-07-23 02:32:25,540 [INFO] PluginManager:220 - loadIPPluginJar : add adc
2025-07-23 02:32:25,545 [INFO] IPUIPlugin:80 - create IPUIPlugin
2025-07-23 02:32:25,546 [INFO] PluginManager:220 - loadIPPluginJar : add aes
2025-07-23 02:32:25,551 [INFO] IPUIPlugin:80 - create IPUIPlugin
2025-07-23 02:32:25,551 [INFO] PluginManager:220 - loadIPPluginJar : add can
2025-07-23 02:32:25,554 [INFO] IPUIPlugin:80 - create IPUIPlugin
2025-07-23 02:32:25,554 [INFO] PluginManager:220 - loadIPPluginJar : add comp
2025-07-23 02:32:25,558 [INFO] IPUIPlugin:80 - create IPUIPlugin
2025-07-23 02:32:25,558 [INFO] PluginManager:220 - loadIPPluginJar : add cryp
2025-07-23 02:32:25,563 [INFO] IPUIPlugin:80 - create IPUIPlugin
2025-07-23 02:32:25,563 [INFO] PluginManager:220 - loadIPPluginJar : add ddr_ctrl_phy
2025-07-23 02:32:25,567 [INFO] IPUIPlugin:80 - create IPUIPlugin
2025-07-23 02:32:25,568 [INFO] PluginManager:220 - loadIPPluginJar : add dfsdm
2025-07-23 02:32:25,575 [INFO] IPUIPlugin:80 - create IPUIPlugin
2025-07-23 02:32:25,576 [INFO] PluginManager:220 - loadIPPluginJar : add dma
2025-07-23 02:32:25,580 [INFO] IPUIPlugin:80 - create IPUIPlugin
2025-07-23 02:32:25,580 [INFO] PluginManager:220 - loadIPPluginJar : add dma3
2025-07-23 02:32:25,584 [INFO] IPUIPlugin:80 - create IPUIPlugin
2025-07-23 02:32:25,585 [INFO] PluginManager:220 - loadIPPluginJar : add extmemmanager
2025-07-23 02:32:25,588 [INFO] IPUIPlugin:80 - create IPUIPlugin
2025-07-23 02:32:25,588 [INFO] PluginManager:220 - loadIPPluginJar : add fatfs
2025-07-23 02:32:25,596 [INFO] IPUIPlugin:80 - create IPUIPlugin
2025-07-23 02:32:25,596 [INFO] PluginManager:220 - loadIPPluginJar : add fmc
2025-07-23 02:32:25,604 [INFO] IPUIPlugin:80 - create IPUIPlugin
2025-07-23 02:32:25,604 [INFO] PluginManager:220 - loadIPPluginJar : add freertos
2025-07-23 02:32:25,606 [INFO] IPUIPlugin:80 - create IPUIPlugin
2025-07-23 02:32:25,608 [INFO] PluginManager:220 - loadIPPluginJar : add genericplugin
2025-07-23 02:32:25,613 [INFO] IPUIPlugin:80 - create IPUIPlugin
2025-07-23 02:32:25,613 [INFO] PluginManager:220 - loadIPPluginJar : add gfxmmu
2025-07-23 02:32:25,620 [INFO] IPUIPlugin:80 - create IPUIPlugin
2025-07-23 02:32:25,620 [INFO] PluginManager:220 - loadIPPluginJar : add gic
2025-07-23 02:32:25,627 [INFO] IPUIPlugin:80 - create IPUIPlugin
2025-07-23 02:32:25,627 [INFO] PluginManager:220 - loadIPPluginJar : add gpio
2025-07-23 02:32:25,632 [INFO] IPUIPlugin:80 - create IPUIPlugin
2025-07-23 02:32:25,632 [INFO] PluginManager:220 - loadIPPluginJar : add gtzc
2025-07-23 02:32:25,636 [INFO] IPUIPlugin:80 - create IPUIPlugin
2025-07-23 02:32:25,636 [INFO] PluginManager:220 - loadIPPluginJar : add hash
2025-07-23 02:32:25,640 [INFO] IPUIPlugin:80 - create IPUIPlugin
2025-07-23 02:32:25,640 [INFO] PluginManager:220 - loadIPPluginJar : add i2c
2025-07-23 02:32:25,648 [INFO] IPUIPlugin:80 - create IPUIPlugin
2025-07-23 02:32:25,648 [INFO] PluginManager:220 - loadIPPluginJar : add i2s
2025-07-23 02:32:25,653 [INFO] IPUIPlugin:80 - create IPUIPlugin
2025-07-23 02:32:25,653 [INFO] PluginManager:220 - loadIPPluginJar : add i3c
2025-07-23 02:32:25,659 [INFO] IPUIPlugin:80 - create IPUIPlugin
2025-07-23 02:32:25,660 [INFO] PluginManager:220 - loadIPPluginJar : add ipddr
2025-07-23 02:32:25,671 [INFO] IPUIPlugin:80 - create IPUIPlugin
2025-07-23 02:32:25,672 [INFO] PluginManager:220 - loadIPPluginJar : add linkedlist
2025-07-23 02:32:25,677 [INFO] IPUIPlugin:80 - create IPUIPlugin
2025-07-23 02:32:25,677 [INFO] PluginManager:220 - loadIPPluginJar : add lorawan
2025-07-23 02:32:25,680 [INFO] IPUIPlugin:80 - create IPUIPlugin
2025-07-23 02:32:25,680 [INFO] PluginManager:220 - loadIPPluginJar : add ltdc
2025-07-23 02:32:25,688 [INFO] IPUIPlugin:80 - create IPUIPlugin
2025-07-23 02:32:25,689 [INFO] PluginManager:220 - loadIPPluginJar : add mdma
2025-07-23 02:32:25,704 [INFO] IPUIPlugin:80 - create IPUIPlugin
2025-07-23 02:32:25,704 [INFO] PluginManager:220 - loadIPPluginJar : add nvic
2025-07-23 02:32:25,710 [INFO] IPUIPlugin:80 - create IPUIPlugin
2025-07-23 02:32:25,710 [INFO] PluginManager:220 - loadIPPluginJar : add opamp
2025-07-23 02:32:25,717 [INFO] IPUIPlugin:80 - create IPUIPlugin
2025-07-23 02:32:25,717 [INFO] PluginManager:220 - loadIPPluginJar : add openamp
2025-07-23 02:32:25,722 [INFO] IPUIPlugin:80 - create IPUIPlugin
2025-07-23 02:32:25,722 [INFO] PluginManager:220 - loadIPPluginJar : add pdm2pcm
2025-07-23 02:32:25,733 [INFO] IPUIPlugin:80 - create IPUIPlugin
2025-07-23 02:32:25,737 [INFO] PluginManager:220 - loadIPPluginJar : add plateformsettings
2025-07-23 02:32:25,742 [INFO] IPUIPlugin:80 - create IPUIPlugin
2025-07-23 02:32:25,742 [INFO] PluginManager:220 - loadIPPluginJar : add quadspi
2025-07-23 02:32:25,746 [INFO] IPUIPlugin:80 - create IPUIPlugin
2025-07-23 02:32:25,746 [INFO] PluginManager:220 - loadIPPluginJar : add radio
2025-07-23 02:32:25,751 [INFO] IPUIPlugin:80 - create IPUIPlugin
2025-07-23 02:32:25,751 [INFO] PluginManager:220 - loadIPPluginJar : add resmgrutility
2025-07-23 02:32:25,755 [INFO] IPUIPlugin:80 - create IPUIPlugin
2025-07-23 02:32:25,755 [INFO] PluginManager:220 - loadIPPluginJar : add sai
2025-07-23 02:32:25,758 [INFO] IPUIPlugin:80 - create IPUIPlugin
2025-07-23 02:32:25,759 [INFO] PluginManager:220 - loadIPPluginJar : add spi
2025-07-23 02:32:25,768 [INFO] IPUIPlugin:80 - create IPUIPlugin
2025-07-23 02:32:25,769 [INFO] PluginManager:220 - loadIPPluginJar : add stm32_wpan
2025-07-23 02:32:25,771 [INFO] IPUIPlugin:80 - create IPUIPlugin
2025-07-23 02:32:25,771 [INFO] PluginManager:220 - loadIPPluginJar : add tim
2025-07-23 02:32:25,775 [INFO] IPUIPlugin:80 - create IPUIPlugin
2025-07-23 02:32:25,775 [INFO] PluginManager:220 - loadIPPluginJar : add touchsensing
2025-07-23 02:32:25,778 [INFO] IPUIPlugin:80 - create IPUIPlugin
2025-07-23 02:32:25,778 [INFO] PluginManager:220 - loadIPPluginJar : add tracer_emb
2025-07-23 02:32:25,781 [INFO] IPUIPlugin:80 - create IPUIPlugin
2025-07-23 02:32:25,781 [INFO] PluginManager:220 - loadIPPluginJar : add ts
2025-07-23 02:32:25,783 [INFO] IPUIPlugin:80 - create IPUIPlugin
2025-07-23 02:32:25,783 [INFO] PluginManager:220 - loadIPPluginJar : add tsc
2025-07-23 02:32:25,785 [INFO] IPUIPlugin:80 - create IPUIPlugin
2025-07-23 02:32:25,785 [INFO] PluginManager:220 - loadIPPluginJar : add ucpd
2025-07-23 02:32:25,788 [INFO] IPUIPlugin:80 - create IPUIPlugin
2025-07-23 02:32:25,789 [INFO] PluginManager:220 - loadIPPluginJar : add usart
2025-07-23 02:32:25,793 [INFO] IPUIPlugin:80 - create IPUIPlugin
2025-07-23 02:32:25,793 [INFO] PluginManager:220 - loadIPPluginJar : add usbx
2025-07-23 02:32:25,954 [FATAL] Updater:351 - Updater called before beeing initialized
2025-07-23 02:32:25,999 [INFO] RulesReader:64 - Compatibility file has been processed (317 Rules)
2025-07-23 02:32:26,014 [INFO] RulesReader:64 - Compatibility file has been processed (317 Rules)
2025-07-23 02:32:26,024 [INFO] CADModel:165 - CPN selected for project level
2025-07-23 02:32:26,024 [INFO] CADModel:114 - Register for checkConnection events
2025-07-23 02:32:26,024 [FATAL] Updater:351 - Updater called before beeing initialized
2025-07-23 02:32:26,024 [ERROR] CADModel:125 - Updater not yet initialized, retry later 
2025-07-23 02:32:26,289 [FATAL] Updater:351 - Updater called before beeing initialized
2025-07-23 02:32:26,296 [INFO] CADModel:165 - CPN selected for project level
2025-07-23 02:32:26,297 [INFO] CADModel:114 - Register for checkConnection events
2025-07-23 02:32:26,297 [FATAL] Updater:351 - Updater called before beeing initialized
2025-07-23 02:32:26,297 [ERROR] CADModel:125 - Updater not yet initialized, retry later 
2025-07-23 02:32:26,329 [FATAL] Updater:351 - Updater called before beeing initialized
2025-07-23 02:32:26,516 [FATAL] Updater:351 - Updater called before beeing initialized
2025-07-23 02:32:26,522 [INFO] DbMcusAds:53 - JSON generation date=Tue Jul 08 13:44:23 IST 2025 (1751962463582)
2025-07-23 02:32:26,522 [FATAL] Updater:351 - Updater called before beeing initialized
2025-07-23 02:32:26,572 [WARN] DetailPanel:346 - Failed to get advertising image, set to default
2025-07-23 02:32:26,715 [FATAL] Updater:351 - Updater called before beeing initialized
2025-07-23 02:32:26,717 [FATAL] Updater:351 - Updater called before beeing initialized
2025-07-23 02:32:26,717 [FATAL] Updater:351 - Updater called before beeing initialized
2025-07-23 02:32:26,717 [WARN] DetailPanel:346 - Failed to get advertising image, set to default
2025-07-23 02:32:26,718 [FATAL] Updater:351 - Updater called before beeing initialized
2025-07-23 02:32:26,791 [ERROR] Updater:1198 - MainUpdater not yet initialized. External WinMGr cannot be set.
2025-07-23 02:32:26,794 [INFO] Updater:1134 - Updater Version found : 6.15.0
2025-07-23 02:32:26,819 [INFO] ApplicationProperties:184 - Using Application install path: D:\STM32CubeIDE_1.19.0\STM32CubeIDE\plugins\com.st.stm32cube.common.mx_6.15.0.202507011659
2025-07-23 02:32:27,507 [INFO] ThirdPartyUpdaterWithRetryManager:70 - Updater plugin not ready yet. [2/15]
2025-07-23 02:32:28,410 [ERROR] LogOutputStream:75 - [STDERR_REDIRECT] Jul 23, 2025 2:32:28 AM java.util.prefs.WindowsPreferences <init>
2025-07-23 02:32:28,411 [ERROR] LogOutputStream:75 - [STDERR_REDIRECT] WARNING: Could not open/create prefs root node Software\JavaSoft\Prefs at root 0xffffffff80000002. Windows RegCreateKeyEx(...) returned error code 5.
2025-07-23 02:32:28,411 [ERROR] LogOutputStream:75 - [STDERR_REDIRECT] 
2025-07-23 02:32:29,016 [INFO] MainUpdater:2872 - connection check result : 10
2025-07-23 02:32:29,017 [INFO] MainUpdater:289 - Updater Check For Update Now.
2025-07-23 02:32:29,017 [INFO] MicroXplorer:498 - Change Database Version : DB.6.0.150
2025-07-23 02:32:29,026 [INFO] McuFinderGlobals:63 - Set McuFinder mode to 2 (CubeIDE integrated)
2025-07-23 02:32:29,026 [INFO] UserAuth:171 - activating auth plugin
2025-07-23 02:32:29,073 [INFO] UserAuth:487 - Internet connection configuration mode: 1
2025-07-23 02:32:29,158 [INFO] JxBrowserEngine:152 - Initiate JxBrowser Engine with user profile folder
2025-07-23 02:32:29,373 [INFO] CheckServerUpdateThread:120 - End of CheckServer Thread
2025-07-23 02:32:30,726 [INFO] WebApp:169 - Instantiating new browser for Auth
2025-07-23 02:32:31,239 [WARN] PackLoader:240 - Cannot read IP mode file for STMicroelectronics.FP-SNS-MOTENVWB1.1.4.0
2025-07-23 02:32:31,260 [WARN] PackLoader:240 - Cannot read IP mode file for STMicroelectronics.FP-ATR-ASTRA1.2.0.2
2025-07-23 02:32:31,267 [WARN] PackLoader:240 - Cannot read IP mode file for STMicroelectronics.FP-ATR-ASTRA1.2.0.1
2025-07-23 02:32:31,283 [WARN] PackLoader:240 - Cannot read IP mode file for STMicroelectronics.X-CUBE-SMBUS.2.1.0
2025-07-23 02:32:31,295 [WARN] PackLoader:240 - Cannot read IP mode file for STMicroelectronics.X-CUBE-WB05N.1.1.0
2025-07-23 02:32:31,319 [WARN] PackLoader:240 - Cannot read IP mode file for STMicroelectronics.X-CUBE-ST60.1.0.0
2025-07-23 02:32:31,397 [WARN] PackLoader:240 - Cannot read IP mode file for STMicroelectronics.X-CUBE-AZRTOS-F7.1.1.0
2025-07-23 02:32:31,480 [WARN] PackLoader:240 - Cannot read IP mode file for STMicroelectronics.X-CUBE-MEMS1.11.0.0
2025-07-23 02:32:31,815 [WARN] PackLoader:240 - Cannot read IP mode file for STMicroelectronics.FP-SNS-FLIGHT1.5.0.2
2025-07-23 02:32:31,896 [WARN] PackLoader:240 - Cannot read IP mode file for STMicroelectronics.X-CUBE-AZRTOS-H7.3.4.0
2025-07-23 02:32:31,952 [WARN] PackLoader:240 - Cannot read IP mode file for STMicroelectronics.X-CUBE-DISPLAY.3.0.0
2025-07-23 02:32:31,969 [WARN] PackLoader:240 - Cannot read IP mode file for STMicroelectronics.X-CUBE-BLE1.7.0.0
2025-07-23 02:32:31,982 [WARN] PackLoader:240 - Cannot read IP mode file for STMicroelectronics.X-CUBE-NFC10.1.0.0
2025-07-23 02:32:32,183 [WARN] PackLoader:240 - Cannot read IP mode file for STMicroelectronics.X-CUBE-BLEMGR.4.0.0
2025-07-23 02:32:32,220 [WARN] PackLoader:240 - Cannot read IP mode file for emotas.I-CUBE-CANOPEN.1.3.0
2025-07-23 02:32:32,315 [WARN] PackLoader:240 - Cannot read IP mode file for STMicroelectronics.X-CUBE-BLEMGR.3.1.0
2025-07-23 02:32:32,380 [WARN] PackLoader:240 - Cannot read IP mode file for STMicroelectronics.X-CUBE-AI.10.0.0
2025-07-23 02:32:32,387 [WARN] PackLoader:240 - Cannot read IP mode file for STMicroelectronics.FP-SNS-SMARTAG2.1.2.0
2025-07-23 02:32:32,409 [WARN] PackLoader:240 - Cannot read IP mode file for STMicroelectronics.FP-SNS-FLIGHT1.5.1.0
2025-07-23 02:32:32,650 [WARN] PackLoader:240 - Cannot read IP mode file for STMicroelectronics.X-CUBE-MEMS1.11.1.0
2025-07-23 02:32:32,819 [INFO] LogOutputStream:77 - [STDOUT_REDIRECT] 1 : Invalid condition id : UX_CORESTACK_Condition cause : null
2025-07-23 02:32:32,821 [INFO] LogOutputStream:77 - [STDOUT_REDIRECT] 1 : Invalid condition id : UX_CORESTACK_Condition cause : null
2025-07-23 02:32:32,822 [INFO] LogOutputStream:77 - [STDOUT_REDIRECT] 1 : Invalid condition id : UX_CORESTACK_Condition cause : null
2025-07-23 02:32:32,824 [INFO] LogOutputStream:77 - [STDOUT_REDIRECT] 1 : Invalid condition id : UX_CORESTACK_Condition cause : null
2025-07-23 02:32:32,828 [INFO] LogOutputStream:77 - [STDOUT_REDIRECT] 1 : Invalid condition id : UX_CORESTACK_Condition cause : null
2025-07-23 02:32:32,835 [WARN] PackLoader:240 - Cannot read IP mode file for STMicroelectronics.X-CUBE-AZRTOS-WL.2.0.0
2025-07-23 02:32:32,845 [WARN] PackLoader:240 - Cannot read IP mode file for STMicroelectronics.FP-SNS-MOTENV1.5.0.0
2025-07-23 02:32:32,854 [WARN] PackLoader:240 - Cannot read IP mode file for wolfSSL.I-CUBE-wolfMQTT.1.19.0
2025-07-23 02:32:32,862 [WARN] PackLoader:240 - Cannot read IP mode file for WES.I-CUBE-Cesium.1.3.0
2025-07-23 02:32:32,870 [WARN] PackLoader:240 - Cannot read IP mode file for STMicroelectronics.X-CUBE-BLE2.3.3.0
2025-07-23 02:32:32,879 [WARN] PackLoader:240 - Cannot read IP mode file for STMicroelectronics.X-CUBE-NFC9.1.0.0
2025-07-23 02:32:32,886 [WARN] PackLoader:240 - Cannot read IP mode file for STMicroelectronics.X-CUBE-BLE1.7.1.0
2025-07-23 02:32:32,893 [WARN] PackLoader:240 - Cannot read IP mode file for STMicroelectronics.X-CUBE-TCPP.4.1.0
2025-07-23 02:32:32,903 [WARN] PackLoader:240 - Cannot read IP mode file for STMicroelectronics.X-CUBE-EEPRMA1.5.2.0
2025-07-23 02:32:32,914 [WARN] PackLoader:240 - Cannot read IP mode file for STMicroelectronics.X-CUBE-AI.10.1.0
2025-07-23 02:32:32,924 [INFO] WebApp:463 - Apply proxy settings
2025-07-23 02:32:32,925 [INFO] WebApp:548 - Chromium requires no authentication
2025-07-23 02:32:32,941 [WARN] PackLoader:240 - Cannot read IP mode file for STMicroelectronics.X-CUBE-AZRTOS-G0.1.1.0
2025-07-23 02:32:32,946 [INFO] WebApp:491 - Direct internet connection detected
2025-07-23 02:32:32,953 [WARN] PackLoader:240 - Cannot read IP mode file for STMicroelectronics.X-CUBE-SAFEA1.1.2.2
2025-07-23 02:32:32,961 [WARN] PackLoader:240 - Cannot read IP mode file for STMicroelectronics.X-CUBE-NFC4.3.0.0
2025-07-23 02:32:32,976 [WARN] PackLoader:240 - Cannot read IP mode file for EmbeddedOffice.I-CUBE-FS-RTOS.1.0.1
2025-07-23 02:32:32,983 [WARN] PackLoader:240 - Cannot read IP mode file for STMicroelectronics.X-CUBE-WB05N.2.0.0
2025-07-23 02:32:32,990 [WARN] PackLoader:240 - Cannot read IP mode file for STMicroelectronics.X-CUBE-TCPP.4.2.0
2025-07-23 02:32:32,998 [WARN] PackLoader:240 - Cannot read IP mode file for RealThread.X-CUBE-RT-Thread_Nano.4.1.1
2025-07-23 02:32:33,005 [WARN] PackLoader:240 - Cannot read IP mode file for STMicroelectronics.FP-ATR-SIGFOX1.3.2.0
2025-07-23 02:32:33,012 [WARN] ConditionMgr:438 - getConditionDescription Invalid condition id : Cortex-A Device cause : null
2025-07-23 02:32:33,017 [INFO] WebApp:900 - Register for checkConnection events
2025-07-23 02:32:33,017 [INFO] WebApp:463 - Apply proxy settings
2025-07-23 02:32:33,017 [INFO] WebApp:548 - Chromium requires no authentication
2025-07-23 02:32:33,018 [INFO] WebApp:491 - Direct internet connection detected
2025-07-23 02:32:33,041 [WARN] ConditionMgr:1044 - genDependencies : Invalid condition id : Cortex-A Device cause : null
2025-07-23 02:32:33,041 [WARN] ConditionMgr:1044 - genDependencies : Invalid condition id : Cortex-A Device cause : null
2025-07-23 02:32:33,041 [WARN] ConditionMgr:1044 - genDependencies : Invalid condition id : Cortex-A Device cause : null
2025-07-23 02:32:33,047 [WARN] PackLoader:240 - Cannot read IP mode file for STMicroelectronics.X-CUBE-EEPRMA1.5.1.0
2025-07-23 02:32:33,057 [WARN] PackLoader:240 - Cannot read IP mode file for wolfSSL.I-CUBE-wolfSSL.5.7.4
2025-07-23 02:32:33,064 [WARN] PackLoader:240 - Cannot read IP mode file for ITTIA_DB.I-CUBE-ITTIADB.8.9.0
2025-07-23 02:32:33,073 [WARN] PackLoader:240 - Cannot read IP mode file for STMicroelectronics.X-CUBE-ST67W61.1.0.0
2025-07-23 02:32:33,131 [WARN] PackLoader:240 - Cannot read IP mode file for SEGGER.I-CUBE-embOS.1.3.1
2025-07-23 02:32:33,172 [WARN] PackLoader:240 - Cannot read IP mode file for STMicroelectronics.X-CUBE-ALGOBUILD.1.4.0
2025-07-23 02:32:33,232 [WARN] PackLoader:240 - Cannot read IP mode file for STMicroelectronics.X-CUBE-MEMS1.11.3.0
2025-07-23 02:32:33,353 [INFO] WebApp:225 - Starting web application
2025-07-23 02:32:33,353 [INFO] WebApp:593 - Web application path used D:\STM32CubeIDE_1.19.0\STM32CubeIDE\plugins\com.st.stm32cube.common.mx_6.15.0.202507011659\db\plugins\mcufinder\reactClient1\index.html
2025-07-23 02:32:33,412 [WARN] PackLoader:240 - Cannot read IP mode file for STMicroelectronics.X-CUBE-AI.9.1.0
2025-07-23 02:32:33,419 [WARN] PackLoader:240 - Cannot read IP mode file for STMicroelectronics.X-CUBE-PM33A1.1.0.0
2025-07-23 02:32:33,454 [WARN] PackLoader:240 - Cannot read IP mode file for STMicroelectronics.X-CUBE-AZRTOS-F4.1.1.0
2025-07-23 02:32:33,464 [WARN] PackLoader:240 - Cannot read IP mode file for Avnet-IotConnect.X-CUBE-IoTC-DA16k-PMOD.1.0.0
2025-07-23 02:32:33,470 [WARN] PackLoader:240 - Cannot read IP mode file for STMicroelectronics.X-CUBE-ISPU.2.1.0
2025-07-23 02:32:33,477 [WARN] PackLoader:240 - Cannot read IP mode file for STMicroelectronics.X-CUBE-FREERTOS.1.2.0
2025-07-23 02:32:33,489 [WARN] PackLoader:240 - Cannot read IP mode file for STMicroelectronics.X-CUBE-NFC12.1.0.0
2025-07-23 02:32:33,516 [WARN] PackLoader:240 - Cannot read IP mode file for STMicroelectronics.X-CUBE-AZRTOS-L5.2.0.0
2025-07-23 02:32:33,539 [WARN] PackLoader:240 - Cannot read IP mode file for STMicroelectronics.X-CUBE-NFC6.3.1.0
2025-07-23 02:32:33,576 [WARN] PackLoader:240 - Cannot read IP mode file for STMicroelectronics.X-CUBE-DPower.1.2.0
2025-07-23 02:32:33,582 [WARN] PackLoader:240 - Cannot read IP mode file for STMicroelectronics.X-CUBE-FREERTOS.1.3.1
2025-07-23 02:32:33,589 [WARN] PackLoader:240 - Cannot read IP mode file for STMicroelectronics.X-CUBE-FREERTOS.1.3.0
2025-07-23 02:32:33,596 [WARN] PackLoader:240 - Cannot read IP mode file for STMicroelectronics.X-CUBE-NFC7.1.0.1
2025-07-23 02:32:33,623 [WARN] PackLoader:240 - Cannot read IP mode file for STMicroelectronics.FP-SNS-STAIOTCFT.1.0.0
2025-07-23 02:32:33,698 [WARN] PackLoader:240 - Cannot read IP mode file for STMicroelectronics.X-CUBE-DPower.1.3.0
2025-07-23 02:32:33,742 [WARN] ConditionMgr:438 - getConditionDescription Invalid condition id : LAN8742 Phy interface Condition cause : null
2025-07-23 02:32:33,827 [WARN] PackLoader:240 - Cannot read IP mode file for STMicroelectronics.X-CUBE-AZRTOS-L4.2.0.0
2025-07-23 02:32:33,829 [WARN] ConditionMgr:1044 - genDependencies : Invalid condition id : LAN8742 Phy interface Condition cause : null
2025-07-23 02:32:33,830 [WARN] ConditionMgr:1044 - genDependencies : Invalid condition id : LAN8742 Phy interface Condition cause : null
2025-07-23 02:32:33,832 [WARN] ConditionMgr:1044 - genDependencies : Invalid condition id : LAN8742 Phy interface Condition cause : null
2025-07-23 02:32:33,845 [WARN] PackLoader:240 - Cannot read IP mode file for STMicroelectronics.X-CUBE-SFXS2LP1.4.0.0
2025-07-23 02:32:33,875 [WARN] PackLoader:240 - Cannot read IP mode file for STMicroelectronics.X-CUBE-AZRTOS-H7.3.3.0
2025-07-23 02:32:33,913 [WARN] PackLoader:240 - Cannot read IP mode file for STMicroelectronics.X-CUBE-BLEMGR.4.1.0
2025-07-23 02:32:33,945 [WARN] PackLoader:240 - Cannot read IP mode file for STMicroelectronics.X-CUBE-IPS.3.0.0
2025-07-23 02:32:33,977 [WARN] ConditionMgr:438 - getConditionDescription Invalid condition id : UX DEVICE CLASS RTOS Condition cause : null
2025-07-23 02:32:33,977 [WARN] ConditionMgr:438 - getConditionDescription Invalid condition id : UX DEVICE CLASS RTOS Condition cause : null
2025-07-23 02:32:33,979 [WARN] PackLoader:240 - Cannot read IP mode file for STMicroelectronics.X-CUBE-AZRTOS-WB.2.0.0
2025-07-23 02:32:33,980 [WARN] ConditionMgr:1044 - genDependencies : Invalid condition id : UX DEVICE CLASS RTOS Condition cause : null
2025-07-23 02:32:33,980 [WARN] ConditionMgr:1044 - genDependencies : Invalid condition id : UX DEVICE CLASS RTOS Condition cause : null
2025-07-23 02:32:33,980 [WARN] ConditionMgr:1044 - genDependencies : Invalid condition id : UX DEVICE CLASS RTOS Condition cause : null
2025-07-23 02:32:33,981 [WARN] ConditionMgr:1044 - genDependencies : Invalid condition id : UX DEVICE CLASS RTOS Condition cause : null
2025-07-23 02:32:33,981 [WARN] ConditionMgr:1044 - genDependencies : Invalid condition id : UX DEVICE CLASS RTOS Condition cause : null
2025-07-23 02:32:33,998 [WARN] PackLoader:240 - Cannot read IP mode file for STMicroelectronics.X-CUBE-GNSS1.7.0.0
2025-07-23 02:32:34,011 [WARN] PackLoader:240 - Cannot read IP mode file for STMicroelectronics.X-CUBE-GNSS1.7.0.1
2025-07-23 02:32:34,025 [WARN] PackLoader:240 - Cannot read IP mode file for STMicroelectronics.X-CUBE-TOUCHGFX.4.25.0
2025-07-23 02:32:34,037 [WARN] PackLoader:240 - Cannot read IP mode file for STMicroelectronics.FP-SNS-STBOX1.2.0.0
2025-07-23 02:32:34,060 [WARN] PackLoader:240 - Cannot read IP mode file for STMicroelectronics.X-CUBE-SUBG2.5.0.0
2025-07-23 02:32:34,091 [WARN] PackLoader:240 - Cannot read IP mode file for STMicroelectronics.X-CUBE-AZRTOS-H7RS.1.1.0
2025-07-23 02:32:34,100 [WARN] PackLoader:240 - Cannot read IP mode file for Cesanta.I-CUBE-Mongoose.7.13.0
2025-07-23 02:32:34,115 [WARN] PackLoader:240 - Cannot read IP mode file for STMicroelectronics.X-CUBE-AZRTOS-G4.2.0.0
2025-07-23 02:32:34,127 [WARN] PackLoader:240 - Cannot read IP mode file for STMicroelectronics.X-CUBE-NFC7.2.0.0
2025-07-23 02:32:34,139 [WARN] PackLoader:240 - Cannot read IP mode file for STMicroelectronics.X-CUBE-IPS.3.1.0
2025-07-23 02:32:34,164 [WARN] PackLoader:240 - Cannot read IP mode file for STMicroelectronics.X-CUBE-ALS.1.0.2
2025-07-23 02:32:34,173 [WARN] PackLoader:240 - Cannot read IP mode file for STMicroelectronics.X-CUBE-TOUCHGFX.4.24.1
2025-07-23 02:32:34,176 [INFO] WebApp:191 - Connection restablished
2025-07-23 02:32:34,181 [WARN] PackLoader:240 - Cannot read IP mode file for wolfSSL.I-CUBE-wolfTPM.3.4.0
2025-07-23 02:32:34,196 [WARN] PackLoader:240 - Cannot read IP mode file for portGmbH.I-Cube-SoM-uGOAL.1.1.0
2025-07-23 02:32:34,236 [WARN] PackLoader:240 - Cannot read IP mode file for STMicroelectronics.X-CUBE-AZRTOS-H7RS.1.0.0
2025-07-23 02:32:34,249 [WARN] PackLoader:240 - Cannot read IP mode file for STMicroelectronics.FP-ATR-ASTRA1.2.0.0
2025-07-23 02:32:34,270 [WARN] PackLoader:240 - Cannot read IP mode file for STMicroelectronics.X-CUBE-TOF1.3.4.2
2025-07-23 02:32:34,300 [WARN] PackLoader:240 - Cannot read IP mode file for STMicroelectronics.X-CUBE-TOF1.3.4.3
2025-07-23 02:32:34,330 [WARN] PackLoader:240 - Cannot read IP mode file for Infineon.AIROC-Wi-Fi-Bluetooth-STM32.1.6.1
2025-07-23 02:32:34,341 [WARN] PackLoader:240 - Cannot read IP mode file for wolfSSL.I-CUBE-wolfSSH.1.4.17
2025-07-23 02:32:34,342 [INFO] ThirdParty:978 - Integrity check success = true
2025-07-23 02:32:34,342 [INFO] IntegrityCheckThread:100 - exiting critical section [integrity check]
2025-07-23 02:32:34,343 [INFO] IntegrityCheckThread:103 - End integrity checks thread
2025-07-23 03:10:55,921 [INFO] WebApp:194 - Connection lost
2025-07-23 03:10:56,290 [INFO] WebApp:191 - Connection restablished
2025-07-23 03:11:00,891 [INFO] WebApp:194 - Connection lost
2025-07-23 03:11:01,087 [INFO] WebApp:191 - Connection restablished
2025-07-23 03:11:03,066 [INFO] WebApp:194 - Connection lost
2025-07-23 03:11:03,229 [INFO] WebApp:191 - Connection restablished
2025-07-23 03:20:48,740 [INFO] WebApp:194 - Connection lost
2025-07-23 03:20:49,018 [INFO] WebApp:191 - Connection restablished
2025-07-23 03:20:52,107 [INFO] WebApp:194 - Connection lost
2025-07-23 03:20:52,271 [INFO] WebApp:191 - Connection restablished
2025-07-23 03:35:36,847 [ERROR] LogOutputStream:75 - [STDERR_REDIRECT] 
