2025-08-07 10:24:32,385 [INFO] Activator:176 - 


2025-08-07 10:24:32,394 [INFO] Activator:177 - !SESSION log4j initialized
2025-08-07 10:24:42,593 [INFO] LogOutputStream:77 - [STDOUT_REDIRECT] 
2025-08-07 10:24:45,497 [INFO] ApplicationProperties:184 - Using Application install path: D:\STM32CubeIDE_1.19.0\STM32CubeIDE\plugins\com.st.stm32cube.common.mx_6.15.0.202507011659
2025-08-07 10:24:45,529 [INFO] DbMcusXml:78 - Set database path to: D:\STM32CubeIDE_1.19.0\STM32CubeIDE\plugins\com.st.stm32cube.common.mx_6.15.0.202507011659\\db\/mcu/
2025-08-07 10:24:45,529 [INFO] ApiDb:274 - Set plugin database path to: D:\STM32CubeIDE_1.19.0\STM32CubeIDE\plugins\com.st.stm32cube.common.mx_6.15.0.202507011659\\db\/plugins/boardmanager/
2025-08-07 10:24:45,530 [WARN] ApiDb:259 - Overriding images path with different value:  => D:\STM32CubeIDE_1.19.0\STM32CubeIDE\plugins\com.st.stm32cube.common.mx_6.15.0.202507011659\\db\/plugins/mcufinder/images/
2025-08-07 10:24:45,543 [INFO] ApiDb:250 - Set database path to: C:\Users\DELL\.stmcufinder\plugins\mcufinder//mcu/
2025-08-07 10:24:45,544 [INFO] DbMcusAds:125 - Set database path to: C:\Users\DELL\.stmcufinder\plugins\mcufinder//mcu/
2025-08-07 10:24:45,548 [INFO] CrossReferenceDbSqlite:203 - Set database path to: C:\Users\DELL\.stmcufinder\plugins\mcufinder//mcu/cs/
2025-08-07 10:24:45,725 [INFO] RulesReader:64 - Compatibility file has been processed (317 Rules)
2025-08-07 10:24:45,862 [INFO] DbMcusXml:78 - Set database path to: D:\STM32CubeIDE_1.19.0\STM32CubeIDE\plugins\com.st.stm32cube.common.mx_6.15.0.202507011659\\db\/mcu/
2025-08-07 10:24:45,862 [INFO] ApiDb:274 - Set plugin database path to: D:\STM32CubeIDE_1.19.0\STM32CubeIDE\plugins\com.st.stm32cube.common.mx_6.15.0.202507011659\\db\/plugins/boardmanager/
2025-08-07 10:24:45,863 [INFO] ApiDb:261 - Set plugin images path to: D:\STM32CubeIDE_1.19.0\STM32CubeIDE\plugins\com.st.stm32cube.common.mx_6.15.0.202507011659\\db\/plugins/mcufinder/images/
2025-08-07 10:24:45,863 [WARN] DbFile:41 - Overriding database path with different value: C:\Users\DELL\.stmcufinder\plugins\mcufinder/ => C:\Users\DELL\.stmcufinder\plugins\mcufinder
2025-08-07 10:24:45,863 [INFO] ApiDb:250 - Set database path to: C:\Users\DELL\.stmcufinder\plugins\mcufinder//mcu/
2025-08-07 10:24:45,863 [WARN] DbFile:41 - Overriding database path with different value: C:\Users\DELL\.stmcufinder\plugins\mcufinder/ => C:\Users\DELL\.stmcufinder\plugins\mcufinder
2025-08-07 10:24:45,863 [INFO] DbMcusAds:125 - Set database path to: C:\Users\DELL\.stmcufinder\plugins\mcufinder//mcu/
2025-08-07 10:24:45,864 [WARN] DbFile:41 - Overriding database path with different value: C:\Users\DELL\.stmcufinder\plugins\mcufinder/ => C:\Users\DELL\.stmcufinder\plugins\mcufinder
2025-08-07 10:24:45,864 [WARN] DbFile:41 - Overriding database path with different value: C:\Users\DELL\.stmcufinder\plugins\mcufinder/ => C:\Users\DELL\.stmcufinder\plugins\mcufinder
2025-08-07 10:24:45,864 [INFO] CrossReferenceDbSqlite:203 - Set database path to: C:\Users\DELL\.stmcufinder\plugins\mcufinder//mcu/cs/
2025-08-07 10:24:46,007 [INFO] MainPanel:274 - HeapMemory: 268435456
2025-08-07 10:24:46,181 [INFO] DbMcusXml:78 - Set database path to: D:\STM32CubeIDE_1.19.0\STM32CubeIDE\plugins\com.st.stm32cube.common.mx_6.15.0.202507011659\\db\/mcu/
2025-08-07 10:24:46,182 [INFO] ApiDb:274 - Set plugin database path to: D:\STM32CubeIDE_1.19.0\STM32CubeIDE\plugins\com.st.stm32cube.common.mx_6.15.0.202507011659\\db\/plugins/boardmanager/
2025-08-07 10:24:46,182 [INFO] ApiDb:261 - Set plugin images path to: D:\STM32CubeIDE_1.19.0\STM32CubeIDE\plugins\com.st.stm32cube.common.mx_6.15.0.202507011659\\db\/plugins/mcufinder/images/
2025-08-07 10:24:46,182 [WARN] DbFile:41 - Overriding database path with different value: C:\Users\DELL\.stmcufinder\plugins\mcufinder/ => C:\Users\DELL\.stmcufinder\plugins\mcufinder
2025-08-07 10:24:46,182 [INFO] ApiDb:250 - Set database path to: C:\Users\DELL\.stmcufinder\plugins\mcufinder//mcu/
2025-08-07 10:24:46,182 [WARN] DbFile:41 - Overriding database path with different value: C:\Users\DELL\.stmcufinder\plugins\mcufinder/ => C:\Users\DELL\.stmcufinder\plugins\mcufinder
2025-08-07 10:24:46,183 [INFO] DbMcusAds:125 - Set database path to: C:\Users\DELL\.stmcufinder\plugins\mcufinder//mcu/
2025-08-07 10:24:46,183 [WARN] DbFile:41 - Overriding database path with different value: C:\Users\DELL\.stmcufinder\plugins\mcufinder/ => C:\Users\DELL\.stmcufinder\plugins\mcufinder
2025-08-07 10:24:46,183 [WARN] DbFile:41 - Overriding database path with different value: C:\Users\DELL\.stmcufinder\plugins\mcufinder/ => C:\Users\DELL\.stmcufinder\plugins\mcufinder
2025-08-07 10:24:46,183 [INFO] CrossReferenceDbSqlite:203 - Set database path to: C:\Users\DELL\.stmcufinder\plugins\mcufinder//mcu/cs/
2025-08-07 10:24:46,213 [INFO] ApplicationProperties:184 - Using Application install path: D:\STM32CubeIDE_1.19.0\STM32CubeIDE\plugins\com.st.stm32cube.common.mx_6.15.0.202507011659
2025-08-07 10:24:46,215 [INFO] PluginManage:196 - Search for loadable plugins [exclusion list=, ]
2025-08-07 10:24:46,218 [INFO] PluginManage:310 - Check plugin analytics
2025-08-07 10:24:46,511 [INFO] AnalyticsPlugin:253 - Accepted Software Licenses: STM32CubeMX.6.15.0
2025-08-07 10:24:46,512 [INFO] AnalyticsPlugin:255 - Accepted CMSIS Pack Licenses: 
2025-08-07 10:24:46,512 [INFO] AnalyticsPlugin:257 - Accepted Firmware Licenses: FW.F4.1.28.0
2025-08-07 10:24:46,516 [INFO] PluginManage:359 - Loaded plugin analytics (category:tool,tabindex:-1)
2025-08-07 10:24:46,517 [INFO] PluginManage:310 - Check plugin cadmodel
2025-08-07 10:24:46,526 [INFO] CADModel:105 - Init CAD model plugin
2025-08-07 10:24:46,528 [INFO] PluginManage:359 - Loaded plugin cadmodel (category:power,tabindex:5)
2025-08-07 10:24:46,528 [INFO] PluginManage:310 - Check plugin clock
2025-08-07 10:24:46,543 [INFO] PluginManage:359 - Loaded plugin clock (category:base,tabindex:2)
2025-08-07 10:24:46,543 [INFO] PluginManage:310 - Check plugin ddr
2025-08-07 10:24:46,547 [INFO] PluginManage:359 - Loaded plugin ddr (category:tool,tabindex:6)
2025-08-07 10:24:46,547 [INFO] PluginManage:310 - Check plugin filemanager
2025-08-07 10:24:46,765 [INFO] PluginManage:359 - Loaded plugin filemanager (category:base,tabindex:10)
2025-08-07 10:24:46,765 [INFO] PluginManage:310 - Check plugin ipmanager
2025-08-07 10:24:46,776 [INFO] PluginManage:359 - Loaded plugin ipmanager (category:base,tabindex:5)
2025-08-07 10:24:46,776 [INFO] PluginManage:310 - Check plugin lpbam
2025-08-07 10:24:46,788 [INFO] PluginManage:359 - Loaded plugin lpbam (category:base,tabindex:0)
2025-08-07 10:24:46,788 [INFO] PluginManage:310 - Check plugin memorymap
2025-08-07 10:24:46,808 [INFO] PluginManage:359 - Loaded plugin memorymap (category:base,tabindex:4)
2025-08-07 10:24:46,809 [INFO] PluginManage:310 - Check plugin pinoutandconfiguration
2025-08-07 10:24:46,821 [INFO] PluginManage:359 - Loaded plugin pinoutandconfiguration (category:base,tabindex:1)
2025-08-07 10:24:46,822 [INFO] PluginManage:310 - Check plugin pinoutconfig
2025-08-07 10:24:46,957 [WARN] SupportedApi:132 - Cannot load RTOS API schema: s4s-elt-must-match.1: The content of 'definitions' must match (annotation?, (simpleType | complexType)?, (unique | key | keyref)*)). A problem was found starting at: attribute.
2025-08-07 10:24:47,166 [INFO] PluginManage:359 - Loaded plugin pinoutconfig (category:base,tabindex:0)
2025-08-07 10:24:47,166 [INFO] PluginManage:310 - Check plugin power
2025-08-07 10:24:47,177 [INFO] PluginManage:359 - Loaded plugin power (category:power,tabindex:4)
2025-08-07 10:24:47,178 [INFO] PluginManage:310 - Check plugin projectmanager
2025-08-07 10:24:47,198 [INFO] PluginManage:359 - Loaded plugin projectmanager (category:projectmanager,tabindex:4)
2025-08-07 10:24:47,198 [INFO] PluginManage:310 - Check plugin rif
2025-08-07 10:24:47,212 [INFO] PluginManage:359 - Loaded plugin rif (category:base,tabindex:3)
2025-08-07 10:24:47,212 [INFO] PluginManage:310 - Check plugin thirdparty
2025-08-07 10:24:47,420 [INFO] PluginManage:359 - Loaded plugin thirdparty (category:base,tabindex:-1)
2025-08-07 10:24:47,420 [WARN] IntegrityCheckThread:84 - waiting for thirdparty lock release [integrity check]
2025-08-07 10:24:47,420 [INFO] PluginManage:310 - Check plugin tools
2025-08-07 10:24:47,420 [INFO] IntegrityCheckThread:86 - entering critical section [integrity check]
2025-08-07 10:24:47,421 [INFO] ThirdPartyUpdaterWithRetryManager:70 - Updater plugin not ready yet. [1/15]
2025-08-07 10:24:47,424 [INFO] PluginManage:359 - Loaded plugin tools (category:base,tabindex:7)
2025-08-07 10:24:47,424 [INFO] PluginManage:310 - Check plugin tutovideos
2025-08-07 10:24:47,716 [INFO] PluginManage:359 - Loaded plugin tutovideos (category:base,tabindex:-1)
2025-08-07 10:24:47,716 [INFO] PluginManage:310 - Check plugin updater
2025-08-07 10:24:47,749 [INFO] PluginManage:359 - Loaded plugin updater (category:base,tabindex:12)
2025-08-07 10:24:47,749 [INFO] PluginManage:310 - Check plugin userauth
2025-08-07 10:24:47,754 [INFO] UserAuth:118 - Init User Auth plugin
2025-08-07 10:24:47,756 [INFO] PluginManage:359 - Loaded plugin userauth (category:base,tabindex:14)
2025-08-07 10:24:47,756 [INFO] PluginManage:283 - PluginManage : Loaded plugins [18]
2025-08-07 10:24:48,038 [INFO] PinOutPanel:1589 - setPackage(No Configuration,No Configuration)
2025-08-07 10:24:48,154 [INFO] CADModel:165 - CPN selected for project level
2025-08-07 10:24:48,154 [INFO] CADModel:114 - Register for checkConnection events
2025-08-07 10:24:48,179 [INFO] IPUIPlugin:80 - create IPUIPlugin
2025-08-07 10:24:48,179 [INFO] PluginManager:220 - loadIPPluginJar : add adc
2025-08-07 10:24:48,184 [INFO] IPUIPlugin:80 - create IPUIPlugin
2025-08-07 10:24:48,184 [INFO] PluginManager:220 - loadIPPluginJar : add aes
2025-08-07 10:24:48,188 [INFO] IPUIPlugin:80 - create IPUIPlugin
2025-08-07 10:24:48,188 [INFO] PluginManager:220 - loadIPPluginJar : add can
2025-08-07 10:24:48,192 [INFO] IPUIPlugin:80 - create IPUIPlugin
2025-08-07 10:24:48,192 [INFO] PluginManager:220 - loadIPPluginJar : add comp
2025-08-07 10:24:48,196 [INFO] IPUIPlugin:80 - create IPUIPlugin
2025-08-07 10:24:48,196 [INFO] PluginManager:220 - loadIPPluginJar : add cryp
2025-08-07 10:24:48,201 [INFO] IPUIPlugin:80 - create IPUIPlugin
2025-08-07 10:24:48,201 [INFO] PluginManager:220 - loadIPPluginJar : add ddr_ctrl_phy
2025-08-07 10:24:48,205 [INFO] IPUIPlugin:80 - create IPUIPlugin
2025-08-07 10:24:48,205 [INFO] PluginManager:220 - loadIPPluginJar : add dfsdm
2025-08-07 10:24:48,213 [INFO] IPUIPlugin:80 - create IPUIPlugin
2025-08-07 10:24:48,214 [INFO] PluginManager:220 - loadIPPluginJar : add dma
2025-08-07 10:24:48,217 [INFO] IPUIPlugin:80 - create IPUIPlugin
2025-08-07 10:24:48,217 [INFO] PluginManager:220 - loadIPPluginJar : add dma3
2025-08-07 10:24:48,221 [INFO] IPUIPlugin:80 - create IPUIPlugin
2025-08-07 10:24:48,221 [INFO] PluginManager:220 - loadIPPluginJar : add extmemmanager
2025-08-07 10:24:48,223 [INFO] IPUIPlugin:80 - create IPUIPlugin
2025-08-07 10:24:48,224 [INFO] PluginManager:220 - loadIPPluginJar : add fatfs
2025-08-07 10:24:48,229 [INFO] IPUIPlugin:80 - create IPUIPlugin
2025-08-07 10:24:48,229 [INFO] PluginManager:220 - loadIPPluginJar : add fmc
2025-08-07 10:24:48,237 [INFO] IPUIPlugin:80 - create IPUIPlugin
2025-08-07 10:24:48,238 [INFO] PluginManager:220 - loadIPPluginJar : add freertos
2025-08-07 10:24:48,240 [INFO] IPUIPlugin:80 - create IPUIPlugin
2025-08-07 10:24:48,240 [INFO] PluginManager:220 - loadIPPluginJar : add genericplugin
2025-08-07 10:24:48,242 [INFO] IPUIPlugin:80 - create IPUIPlugin
2025-08-07 10:24:48,243 [INFO] PluginManager:220 - loadIPPluginJar : add gfxmmu
2025-08-07 10:24:48,249 [INFO] IPUIPlugin:80 - create IPUIPlugin
2025-08-07 10:24:48,249 [INFO] PluginManager:220 - loadIPPluginJar : add gic
2025-08-07 10:24:48,255 [INFO] IPUIPlugin:80 - create IPUIPlugin
2025-08-07 10:24:48,255 [INFO] PluginManager:220 - loadIPPluginJar : add gpio
2025-08-07 10:24:48,259 [INFO] IPUIPlugin:80 - create IPUIPlugin
2025-08-07 10:24:48,259 [INFO] PluginManager:220 - loadIPPluginJar : add gtzc
2025-08-07 10:24:48,261 [INFO] IPUIPlugin:80 - create IPUIPlugin
2025-08-07 10:24:48,262 [INFO] PluginManager:220 - loadIPPluginJar : add hash
2025-08-07 10:24:48,264 [INFO] IPUIPlugin:80 - create IPUIPlugin
2025-08-07 10:24:48,264 [INFO] PluginManager:220 - loadIPPluginJar : add i2c
2025-08-07 10:24:48,268 [INFO] IPUIPlugin:80 - create IPUIPlugin
2025-08-07 10:24:48,268 [INFO] PluginManager:220 - loadIPPluginJar : add i2s
2025-08-07 10:24:48,273 [INFO] IPUIPlugin:80 - create IPUIPlugin
2025-08-07 10:24:48,274 [INFO] PluginManager:220 - loadIPPluginJar : add i3c
2025-08-07 10:24:48,280 [INFO] IPUIPlugin:80 - create IPUIPlugin
2025-08-07 10:24:48,280 [INFO] PluginManager:220 - loadIPPluginJar : add ipddr
2025-08-07 10:24:48,290 [INFO] IPUIPlugin:80 - create IPUIPlugin
2025-08-07 10:24:48,290 [INFO] PluginManager:220 - loadIPPluginJar : add linkedlist
2025-08-07 10:24:48,295 [INFO] IPUIPlugin:80 - create IPUIPlugin
2025-08-07 10:24:48,295 [INFO] PluginManager:220 - loadIPPluginJar : add lorawan
2025-08-07 10:24:48,297 [INFO] IPUIPlugin:80 - create IPUIPlugin
2025-08-07 10:24:48,298 [INFO] PluginManager:220 - loadIPPluginJar : add ltdc
2025-08-07 10:24:48,306 [INFO] IPUIPlugin:80 - create IPUIPlugin
2025-08-07 10:24:48,306 [INFO] PluginManager:220 - loadIPPluginJar : add mdma
2025-08-07 10:24:48,311 [INFO] IPUIPlugin:80 - create IPUIPlugin
2025-08-07 10:24:48,311 [INFO] PluginManager:220 - loadIPPluginJar : add nvic
2025-08-07 10:24:48,315 [INFO] IPUIPlugin:80 - create IPUIPlugin
2025-08-07 10:24:48,315 [INFO] PluginManager:220 - loadIPPluginJar : add opamp
2025-08-07 10:24:48,319 [INFO] IPUIPlugin:80 - create IPUIPlugin
2025-08-07 10:24:48,320 [INFO] PluginManager:220 - loadIPPluginJar : add openamp
2025-08-07 10:24:48,324 [INFO] IPUIPlugin:80 - create IPUIPlugin
2025-08-07 10:24:48,325 [INFO] PluginManager:220 - loadIPPluginJar : add pdm2pcm
2025-08-07 10:24:48,333 [INFO] IPUIPlugin:80 - create IPUIPlugin
2025-08-07 10:24:48,337 [INFO] PluginManager:220 - loadIPPluginJar : add plateformsettings
2025-08-07 10:24:48,339 [INFO] IPUIPlugin:80 - create IPUIPlugin
2025-08-07 10:24:48,339 [INFO] PluginManager:220 - loadIPPluginJar : add quadspi
2025-08-07 10:24:48,343 [INFO] IPUIPlugin:80 - create IPUIPlugin
2025-08-07 10:24:48,344 [INFO] PluginManager:220 - loadIPPluginJar : add radio
2025-08-07 10:24:48,349 [INFO] IPUIPlugin:80 - create IPUIPlugin
2025-08-07 10:24:48,349 [INFO] PluginManager:220 - loadIPPluginJar : add resmgrutility
2025-08-07 10:24:48,353 [INFO] IPUIPlugin:80 - create IPUIPlugin
2025-08-07 10:24:48,354 [INFO] PluginManager:220 - loadIPPluginJar : add sai
2025-08-07 10:24:48,357 [INFO] IPUIPlugin:80 - create IPUIPlugin
2025-08-07 10:24:48,357 [INFO] PluginManager:220 - loadIPPluginJar : add spi
2025-08-07 10:24:48,365 [INFO] IPUIPlugin:80 - create IPUIPlugin
2025-08-07 10:24:48,365 [INFO] PluginManager:220 - loadIPPluginJar : add stm32_wpan
2025-08-07 10:24:48,367 [INFO] IPUIPlugin:80 - create IPUIPlugin
2025-08-07 10:24:48,367 [INFO] PluginManager:220 - loadIPPluginJar : add tim
2025-08-07 10:24:48,371 [INFO] IPUIPlugin:80 - create IPUIPlugin
2025-08-07 10:24:48,371 [INFO] PluginManager:220 - loadIPPluginJar : add touchsensing
2025-08-07 10:24:48,374 [INFO] IPUIPlugin:80 - create IPUIPlugin
2025-08-07 10:24:48,374 [INFO] PluginManager:220 - loadIPPluginJar : add tracer_emb
2025-08-07 10:24:48,376 [INFO] IPUIPlugin:80 - create IPUIPlugin
2025-08-07 10:24:48,376 [INFO] PluginManager:220 - loadIPPluginJar : add ts
2025-08-07 10:24:48,380 [INFO] IPUIPlugin:80 - create IPUIPlugin
2025-08-07 10:24:48,380 [INFO] PluginManager:220 - loadIPPluginJar : add tsc
2025-08-07 10:24:48,383 [INFO] IPUIPlugin:80 - create IPUIPlugin
2025-08-07 10:24:48,383 [INFO] PluginManager:220 - loadIPPluginJar : add ucpd
2025-08-07 10:24:48,386 [INFO] IPUIPlugin:80 - create IPUIPlugin
2025-08-07 10:24:48,386 [INFO] PluginManager:220 - loadIPPluginJar : add usart
2025-08-07 10:24:48,392 [INFO] IPUIPlugin:80 - create IPUIPlugin
2025-08-07 10:24:48,392 [INFO] PluginManager:220 - loadIPPluginJar : add usbx
2025-08-07 10:24:48,545 [FATAL] Updater:351 - Updater called before beeing initialized
2025-08-07 10:24:48,589 [INFO] RulesReader:64 - Compatibility file has been processed (317 Rules)
2025-08-07 10:24:48,614 [INFO] RulesReader:64 - Compatibility file has been processed (317 Rules)
2025-08-07 10:24:48,625 [INFO] CADModel:165 - CPN selected for project level
2025-08-07 10:24:48,625 [INFO] CADModel:114 - Register for checkConnection events
2025-08-07 10:24:48,625 [FATAL] Updater:351 - Updater called before beeing initialized
2025-08-07 10:24:48,625 [ERROR] CADModel:125 - Updater not yet initialized, retry later 
2025-08-07 10:24:48,836 [FATAL] Updater:351 - Updater called before beeing initialized
2025-08-07 10:24:48,839 [INFO] CADModel:165 - CPN selected for project level
2025-08-07 10:24:48,840 [INFO] CADModel:114 - Register for checkConnection events
2025-08-07 10:24:48,840 [FATAL] Updater:351 - Updater called before beeing initialized
2025-08-07 10:24:48,840 [ERROR] CADModel:125 - Updater not yet initialized, retry later 
2025-08-07 10:24:48,845 [FATAL] Updater:351 - Updater called before beeing initialized
2025-08-07 10:24:48,990 [FATAL] Updater:351 - Updater called before beeing initialized
2025-08-07 10:24:48,995 [INFO] DbMcusAds:53 - JSON generation date=Tue Jul 08 13:44:23 IST 2025 (1751962463582)
2025-08-07 10:24:48,995 [FATAL] Updater:351 - Updater called before beeing initialized
2025-08-07 10:24:49,050 [WARN] DetailPanel:346 - Failed to get advertising image, set to default
2025-08-07 10:24:49,157 [FATAL] Updater:351 - Updater called before beeing initialized
2025-08-07 10:24:49,159 [FATAL] Updater:351 - Updater called before beeing initialized
2025-08-07 10:24:49,159 [FATAL] Updater:351 - Updater called before beeing initialized
2025-08-07 10:24:49,159 [WARN] DetailPanel:346 - Failed to get advertising image, set to default
2025-08-07 10:24:49,160 [FATAL] Updater:351 - Updater called before beeing initialized
2025-08-07 10:24:49,226 [ERROR] Updater:1198 - MainUpdater not yet initialized. External WinMGr cannot be set.
2025-08-07 10:24:49,229 [INFO] Updater:1134 - Updater Version found : 6.15.0
2025-08-07 10:24:49,257 [INFO] ApplicationProperties:184 - Using Application install path: D:\STM32CubeIDE_1.19.0\STM32CubeIDE\plugins\com.st.stm32cube.common.mx_6.15.0.202507011659
2025-08-07 10:24:50,423 [INFO] ThirdPartyUpdaterWithRetryManager:70 - Updater plugin not ready yet. [2/15]
2025-08-07 10:24:50,835 [ERROR] LogOutputStream:75 - [STDERR_REDIRECT] Aug 07, 2025 10:24:50 AM java.util.prefs.WindowsPreferences <init>
2025-08-07 10:24:50,837 [ERROR] LogOutputStream:75 - [STDERR_REDIRECT] WARNING: Could not open/create prefs root node Software\JavaSoft\Prefs at root 0xffffffff80000002. Windows RegCreateKeyEx(...) returned error code 5.
2025-08-07 10:24:50,838 [ERROR] LogOutputStream:75 - [STDERR_REDIRECT] 
2025-08-07 10:24:51,349 [INFO] MainUpdater:2872 - connection check result : 10
2025-08-07 10:24:51,349 [INFO] MainUpdater:289 - Updater Check For Update Now.
2025-08-07 10:24:51,349 [INFO] MicroXplorer:498 - Change Database Version : DB.6.0.150
2025-08-07 10:24:51,358 [INFO] McuFinderGlobals:63 - Set McuFinder mode to 2 (CubeIDE integrated)
2025-08-07 10:24:51,358 [INFO] UserAuth:171 - activating auth plugin
2025-08-07 10:24:51,362 [INFO] UserAuth:487 - Internet connection configuration mode: 1
2025-08-07 10:24:51,391 [INFO] JxBrowserEngine:152 - Initiate JxBrowser Engine with user profile folder
2025-08-07 10:24:51,563 [INFO] CheckServerUpdateThread:120 - End of CheckServer Thread
2025-08-07 10:24:52,453 [INFO] WebApp:169 - Instantiating new browser for Auth
2025-08-07 10:24:53,383 [INFO] WebApp:463 - Apply proxy settings
2025-08-07 10:24:53,384 [INFO] WebApp:548 - Chromium requires no authentication
2025-08-07 10:24:53,398 [INFO] WebApp:491 - Direct internet connection detected
2025-08-07 10:24:53,432 [INFO] WebApp:900 - Register for checkConnection events
2025-08-07 10:24:53,433 [INFO] WebApp:463 - Apply proxy settings
2025-08-07 10:24:53,433 [INFO] WebApp:548 - Chromium requires no authentication
2025-08-07 10:24:53,436 [INFO] WebApp:491 - Direct internet connection detected
2025-08-07 10:24:53,713 [INFO] WebApp:225 - Starting web application
2025-08-07 10:24:53,713 [INFO] WebApp:593 - Web application path used D:\STM32CubeIDE_1.19.0\STM32CubeIDE\plugins\com.st.stm32cube.common.mx_6.15.0.202507011659\db\plugins\mcufinder\reactClient1\index.html
2025-08-07 10:24:53,755 [WARN] PackLoader:240 - Cannot read IP mode file for STMicroelectronics.FP-SNS-MOTENVWB1.1.4.0
2025-08-07 10:24:53,768 [WARN] PackLoader:240 - Cannot read IP mode file for STMicroelectronics.FP-ATR-ASTRA1.2.0.2
2025-08-07 10:24:53,774 [WARN] PackLoader:240 - Cannot read IP mode file for STMicroelectronics.FP-ATR-ASTRA1.2.0.1
2025-08-07 10:24:53,791 [WARN] PackLoader:240 - Cannot read IP mode file for STMicroelectronics.X-CUBE-SMBUS.2.1.0
2025-08-07 10:24:53,803 [WARN] PackLoader:240 - Cannot read IP mode file for STMicroelectronics.X-CUBE-WB05N.1.1.0
2025-08-07 10:24:53,811 [WARN] PackLoader:240 - Cannot read IP mode file for STMicroelectronics.X-CUBE-ST60.1.0.0
2025-08-07 10:24:53,859 [WARN] PackLoader:240 - Cannot read IP mode file for STMicroelectronics.X-CUBE-AZRTOS-F7.1.1.0
2025-08-07 10:24:53,941 [WARN] PackLoader:240 - Cannot read IP mode file for STMicroelectronics.X-CUBE-MEMS1.11.0.0
2025-08-07 10:24:54,172 [WARN] PackLoader:240 - Cannot read IP mode file for STMicroelectronics.FP-SNS-FLIGHT1.5.0.2
2025-08-07 10:24:54,210 [WARN] PackLoader:240 - Cannot read IP mode file for STMicroelectronics.X-CUBE-AZRTOS-H7.3.4.0
2025-08-07 10:24:54,257 [WARN] PackLoader:240 - Cannot read IP mode file for STMicroelectronics.X-CUBE-DISPLAY.3.0.0
2025-08-07 10:24:54,313 [WARN] PackLoader:240 - Cannot read IP mode file for STMicroelectronics.X-CUBE-BLE1.7.0.0
2025-08-07 10:24:54,326 [WARN] PackLoader:240 - Cannot read IP mode file for STMicroelectronics.X-CUBE-NFC10.1.0.0
2025-08-07 10:24:54,347 [WARN] PackLoader:240 - Cannot read IP mode file for STMicroelectronics.X-CUBE-BLEMGR.4.0.0
2025-08-07 10:24:54,365 [WARN] PackLoader:240 - Cannot read IP mode file for emotas.I-CUBE-CANOPEN.1.3.0
2025-08-07 10:24:54,379 [WARN] PackLoader:240 - Cannot read IP mode file for STMicroelectronics.X-CUBE-BLEMGR.3.1.0
2025-08-07 10:24:54,388 [WARN] PackLoader:240 - Cannot read IP mode file for STMicroelectronics.X-CUBE-AI.10.0.0
2025-08-07 10:24:54,402 [WARN] PackLoader:240 - Cannot read IP mode file for STMicroelectronics.FP-SNS-STBOX1.2.1.0
2025-08-07 10:24:54,413 [WARN] PackLoader:240 - Cannot read IP mode file for STMicroelectronics.FP-SNS-SMARTAG2.1.2.0
2025-08-07 10:24:54,419 [WARN] PackLoader:240 - Cannot read IP mode file for STMicroelectronics.FP-SNS-FLIGHT1.5.1.0
2025-08-07 10:24:54,512 [WARN] PackLoader:240 - Cannot read IP mode file for STMicroelectronics.X-CUBE-MEMS1.11.1.0
2025-08-07 10:24:54,699 [INFO] LogOutputStream:77 - [STDOUT_REDIRECT] 1 : Invalid condition id : UX_CORESTACK_Condition cause : null
2025-08-07 10:24:54,701 [INFO] LogOutputStream:77 - [STDOUT_REDIRECT] 1 : Invalid condition id : UX_CORESTACK_Condition cause : null
2025-08-07 10:24:54,702 [INFO] WebApp:191 - Connection restablished
2025-08-07 10:24:54,702 [INFO] LogOutputStream:77 - [STDOUT_REDIRECT] 1 : Invalid condition id : UX_CORESTACK_Condition cause : null
2025-08-07 10:24:54,704 [INFO] LogOutputStream:77 - [STDOUT_REDIRECT] 1 : Invalid condition id : UX_CORESTACK_Condition cause : null
2025-08-07 10:24:54,706 [INFO] LogOutputStream:77 - [STDOUT_REDIRECT] 1 : Invalid condition id : UX_CORESTACK_Condition cause : null
2025-08-07 10:24:54,710 [WARN] PackLoader:240 - Cannot read IP mode file for STMicroelectronics.X-CUBE-AZRTOS-WL.2.0.0
2025-08-07 10:24:54,720 [WARN] PackLoader:240 - Cannot read IP mode file for STMicroelectronics.FP-SNS-MOTENV1.5.0.0
2025-08-07 10:24:54,728 [WARN] PackLoader:240 - Cannot read IP mode file for wolfSSL.I-CUBE-wolfMQTT.1.19.0
2025-08-07 10:24:54,739 [WARN] PackLoader:240 - Cannot read IP mode file for WES.I-CUBE-Cesium.1.3.0
2025-08-07 10:24:54,746 [WARN] PackLoader:240 - Cannot read IP mode file for STMicroelectronics.X-CUBE-BLE2.3.3.0
2025-08-07 10:24:54,757 [WARN] PackLoader:240 - Cannot read IP mode file for STMicroelectronics.X-CUBE-NFC9.1.0.0
2025-08-07 10:24:54,766 [WARN] PackLoader:240 - Cannot read IP mode file for STMicroelectronics.X-CUBE-BLE1.7.1.0
2025-08-07 10:24:54,776 [WARN] PackLoader:240 - Cannot read IP mode file for STMicroelectronics.X-CUBE-TCPP.4.1.0
2025-08-07 10:24:54,791 [WARN] PackLoader:240 - Cannot read IP mode file for STMicroelectronics.X-CUBE-EEPRMA1.5.2.0
2025-08-07 10:24:54,798 [WARN] PackLoader:240 - Cannot read IP mode file for STMicroelectronics.X-CUBE-AI.10.1.0
2025-08-07 10:24:54,821 [WARN] PackLoader:240 - Cannot read IP mode file for STMicroelectronics.X-CUBE-AZRTOS-G0.1.1.0
2025-08-07 10:24:54,833 [WARN] PackLoader:240 - Cannot read IP mode file for STMicroelectronics.X-CUBE-SAFEA1.1.2.2
2025-08-07 10:24:54,843 [WARN] PackLoader:240 - Cannot read IP mode file for STMicroelectronics.X-CUBE-NFC4.3.0.0
2025-08-07 10:24:54,857 [WARN] PackLoader:240 - Cannot read IP mode file for EmbeddedOffice.I-CUBE-FS-RTOS.1.0.1
2025-08-07 10:24:54,866 [WARN] PackLoader:240 - Cannot read IP mode file for STMicroelectronics.X-CUBE-WB05N.2.0.0
2025-08-07 10:24:54,875 [WARN] PackLoader:240 - Cannot read IP mode file for STMicroelectronics.X-CUBE-TCPP.4.2.0
2025-08-07 10:24:54,885 [WARN] PackLoader:240 - Cannot read IP mode file for RealThread.X-CUBE-RT-Thread_Nano.4.1.1
2025-08-07 10:24:54,893 [WARN] PackLoader:240 - Cannot read IP mode file for STMicroelectronics.FP-ATR-SIGFOX1.3.2.0
2025-08-07 10:24:54,902 [WARN] ConditionMgr:438 - getConditionDescription Invalid condition id : Cortex-A Device cause : null
2025-08-07 10:24:54,922 [WARN] ConditionMgr:1044 - genDependencies : Invalid condition id : Cortex-A Device cause : null
2025-08-07 10:24:54,922 [WARN] ConditionMgr:1044 - genDependencies : Invalid condition id : Cortex-A Device cause : null
2025-08-07 10:24:54,922 [WARN] ConditionMgr:1044 - genDependencies : Invalid condition id : Cortex-A Device cause : null
2025-08-07 10:24:54,930 [WARN] PackLoader:240 - Cannot read IP mode file for STMicroelectronics.X-CUBE-EEPRMA1.5.1.0
2025-08-07 10:24:54,939 [WARN] PackLoader:240 - Cannot read IP mode file for wolfSSL.I-CUBE-wolfSSL.5.7.4
2025-08-07 10:24:54,949 [WARN] PackLoader:240 - Cannot read IP mode file for ITTIA_DB.I-CUBE-ITTIADB.8.9.0
2025-08-07 10:24:54,958 [WARN] PackLoader:240 - Cannot read IP mode file for STMicroelectronics.X-CUBE-ST67W61.1.0.0
2025-08-07 10:24:54,964 [WARN] PackLoader:240 - Cannot read IP mode file for STMicroelectronics.X-CUBE-AI.10.2.0
2025-08-07 10:24:55,005 [WARN] PackLoader:240 - Cannot read IP mode file for SEGGER.I-CUBE-embOS.1.3.1
2025-08-07 10:24:55,056 [WARN] PackLoader:240 - Cannot read IP mode file for STMicroelectronics.X-CUBE-ALGOBUILD.1.4.0
2025-08-07 10:24:55,122 [WARN] PackLoader:240 - Cannot read IP mode file for STMicroelectronics.X-CUBE-MEMS1.11.3.0
2025-08-07 10:24:55,278 [WARN] PackLoader:240 - Cannot read IP mode file for STMicroelectronics.X-CUBE-AI.9.1.0
2025-08-07 10:24:55,285 [WARN] PackLoader:240 - Cannot read IP mode file for STMicroelectronics.X-CUBE-PM33A1.1.0.0
2025-08-07 10:24:55,309 [WARN] PackLoader:240 - Cannot read IP mode file for STMicroelectronics.X-CUBE-AZRTOS-F4.1.1.0
2025-08-07 10:24:55,320 [WARN] PackLoader:240 - Cannot read IP mode file for Avnet-IotConnect.X-CUBE-IoTC-DA16k-PMOD.1.0.0
2025-08-07 10:24:55,327 [WARN] PackLoader:240 - Cannot read IP mode file for STMicroelectronics.X-CUBE-ISPU.2.1.0
2025-08-07 10:24:55,336 [WARN] PackLoader:240 - Cannot read IP mode file for STMicroelectronics.X-CUBE-FREERTOS.1.2.0
2025-08-07 10:24:55,346 [WARN] PackLoader:240 - Cannot read IP mode file for STMicroelectronics.X-CUBE-NFC12.1.0.0
2025-08-07 10:24:55,372 [WARN] PackLoader:240 - Cannot read IP mode file for STMicroelectronics.X-CUBE-AZRTOS-L5.2.0.0
2025-08-07 10:24:55,386 [WARN] PackLoader:240 - Cannot read IP mode file for STMicroelectronics.X-CUBE-NFC6.3.1.0
2025-08-07 10:24:55,398 [WARN] PackLoader:240 - Cannot read IP mode file for STMicroelectronics.X-CUBE-DPower.1.2.0
2025-08-07 10:24:55,406 [WARN] PackLoader:240 - Cannot read IP mode file for STMicroelectronics.X-CUBE-FREERTOS.1.3.1
2025-08-07 10:24:55,411 [WARN] PackLoader:240 - Cannot read IP mode file for STMicroelectronics.X-CUBE-FREERTOS.1.3.0
2025-08-07 10:24:55,420 [WARN] PackLoader:240 - Cannot read IP mode file for STMicroelectronics.X-CUBE-NFC7.1.0.1
2025-08-07 10:24:55,428 [WARN] PackLoader:240 - Cannot read IP mode file for STMicroelectronics.FP-SNS-STAIOTCFT.1.0.0
2025-08-07 10:24:55,436 [WARN] PackLoader:240 - Cannot read IP mode file for STMicroelectronics.X-CUBE-DPower.1.3.0
2025-08-07 10:24:55,468 [WARN] ConditionMgr:438 - getConditionDescription Invalid condition id : LAN8742 Phy interface Condition cause : null
2025-08-07 10:24:55,469 [WARN] PackLoader:240 - Cannot read IP mode file for STMicroelectronics.X-CUBE-AZRTOS-L4.2.0.0
2025-08-07 10:24:55,471 [WARN] ConditionMgr:1044 - genDependencies : Invalid condition id : LAN8742 Phy interface Condition cause : null
2025-08-07 10:24:55,471 [WARN] ConditionMgr:1044 - genDependencies : Invalid condition id : LAN8742 Phy interface Condition cause : null
2025-08-07 10:24:55,472 [WARN] ConditionMgr:1044 - genDependencies : Invalid condition id : LAN8742 Phy interface Condition cause : null
2025-08-07 10:24:55,488 [WARN] PackLoader:240 - Cannot read IP mode file for STMicroelectronics.X-CUBE-SFXS2LP1.4.0.0
2025-08-07 10:24:55,520 [WARN] PackLoader:240 - Cannot read IP mode file for STMicroelectronics.X-CUBE-AZRTOS-H7.3.3.0
2025-08-07 10:24:55,545 [WARN] PackLoader:240 - Cannot read IP mode file for STMicroelectronics.X-CUBE-BLEMGR.4.1.0
2025-08-07 10:24:55,568 [WARN] PackLoader:240 - Cannot read IP mode file for STMicroelectronics.X-CUBE-IPS.3.0.0
2025-08-07 10:24:55,591 [WARN] ConditionMgr:438 - getConditionDescription Invalid condition id : UX DEVICE CLASS RTOS Condition cause : null
2025-08-07 10:24:55,592 [WARN] ConditionMgr:438 - getConditionDescription Invalid condition id : UX DEVICE CLASS RTOS Condition cause : null
2025-08-07 10:24:55,596 [WARN] PackLoader:240 - Cannot read IP mode file for STMicroelectronics.X-CUBE-AZRTOS-WB.2.0.0
2025-08-07 10:24:55,598 [WARN] ConditionMgr:1044 - genDependencies : Invalid condition id : UX DEVICE CLASS RTOS Condition cause : null
2025-08-07 10:24:55,599 [WARN] ConditionMgr:1044 - genDependencies : Invalid condition id : UX DEVICE CLASS RTOS Condition cause : null
2025-08-07 10:24:55,599 [WARN] ConditionMgr:1044 - genDependencies : Invalid condition id : UX DEVICE CLASS RTOS Condition cause : null
2025-08-07 10:24:55,600 [WARN] ConditionMgr:1044 - genDependencies : Invalid condition id : UX DEVICE CLASS RTOS Condition cause : null
2025-08-07 10:24:55,600 [WARN] ConditionMgr:1044 - genDependencies : Invalid condition id : UX DEVICE CLASS RTOS Condition cause : null
2025-08-07 10:24:55,609 [WARN] PackLoader:240 - Cannot read IP mode file for STMicroelectronics.X-CUBE-GNSS1.7.0.0
2025-08-07 10:24:55,650 [WARN] PackLoader:240 - Cannot read IP mode file for STMicroelectronics.X-CUBE-GNSS1.7.0.1
2025-08-07 10:24:55,663 [WARN] PackLoader:240 - Cannot read IP mode file for STMicroelectronics.X-CUBE-TOUCHGFX.4.25.0
2025-08-07 10:24:55,674 [WARN] PackLoader:240 - Cannot read IP mode file for STMicroelectronics.FP-SNS-STBOX1.2.0.0
2025-08-07 10:24:55,691 [WARN] PackLoader:240 - Cannot read IP mode file for STMicroelectronics.X-CUBE-SUBG2.5.0.0
2025-08-07 10:24:55,725 [WARN] PackLoader:240 - Cannot read IP mode file for STMicroelectronics.X-CUBE-AZRTOS-H7RS.1.1.0
2025-08-07 10:24:55,739 [WARN] PackLoader:240 - Cannot read IP mode file for Cesanta.I-CUBE-Mongoose.7.13.0
2025-08-07 10:24:55,760 [WARN] PackLoader:240 - Cannot read IP mode file for STMicroelectronics.X-CUBE-AZRTOS-G4.2.0.0
2025-08-07 10:24:55,771 [WARN] PackLoader:240 - Cannot read IP mode file for STMicroelectronics.X-CUBE-NFC7.2.0.0
2025-08-07 10:24:55,787 [WARN] PackLoader:240 - Cannot read IP mode file for STMicroelectronics.X-CUBE-IPS.3.1.0
2025-08-07 10:24:55,802 [WARN] PackLoader:240 - Cannot read IP mode file for STMicroelectronics.X-CUBE-ALS.1.0.2
2025-08-07 10:24:55,808 [WARN] PackLoader:240 - Cannot read IP mode file for STMicroelectronics.X-CUBE-TOUCHGFX.4.24.1
2025-08-07 10:24:55,813 [WARN] PackLoader:240 - Cannot read IP mode file for wolfSSL.I-CUBE-wolfTPM.3.4.0
2025-08-07 10:24:55,822 [WARN] PackLoader:240 - Cannot read IP mode file for portGmbH.I-Cube-SoM-uGOAL.1.1.0
2025-08-07 10:24:55,845 [WARN] PackLoader:240 - Cannot read IP mode file for STMicroelectronics.X-CUBE-AZRTOS-H7RS.1.0.0
2025-08-07 10:24:55,853 [WARN] PackLoader:240 - Cannot read IP mode file for STMicroelectronics.FP-ATR-ASTRA1.2.0.0
2025-08-07 10:24:55,866 [WARN] PackLoader:240 - Cannot read IP mode file for STMicroelectronics.X-CUBE-TOF1.3.4.2
2025-08-07 10:24:55,892 [WARN] PackLoader:240 - Cannot read IP mode file for STMicroelectronics.X-CUBE-TOF1.3.4.3
2025-08-07 10:24:55,930 [WARN] PackLoader:240 - Cannot read IP mode file for Infineon.AIROC-Wi-Fi-Bluetooth-STM32.1.6.1
2025-08-07 10:24:55,941 [WARN] PackLoader:240 - Cannot read IP mode file for wolfSSL.I-CUBE-wolfSSH.1.4.17
2025-08-07 10:24:55,942 [INFO] ThirdParty:978 - Integrity check success = true
2025-08-07 10:24:55,942 [INFO] IntegrityCheckThread:100 - exiting critical section [integrity check]
2025-08-07 10:24:55,942 [INFO] IntegrityCheckThread:103 - End integrity checks thread
